<?xml version="1.0" encoding="utf-8"?><testsuites name="pytest tests"><testsuite name="pytest" errors="0" failures="34" skipped="8" tests="542" time="18.468" timestamp="2026-01-09T02:16:16.842198+00:00" hostname="runnervmi13qx"><testcase classname="tests.test_command_center.TestCommandId" name="test_command_id_creation" time="0.001" /><testcase classname="tests.test_command_center.TestCommandId" name="test_command_id_str" time="0.001" /><testcase classname="tests.test_command_center.TestCommandId" name="test_command_id_custom_value" time="0.001" /><testcase classname="tests.test_command_center.TestCommand" name="test_command_creation" time="0.001" /><testcase classname="tests.test_command_center.TestCommand" name="test_command_with_priority" time="0.001" /><testcase classname="tests.test_command_center.TestCommand" name="test_command_ihsan_settings" time="0.001" /><testcase classname="tests.test_command_center.TestCommand" name="test_command_to_dict" time="0.001" /><testcase classname="tests.test_command_center.TestCommand" name="test_command_expiry" time="0.001" /><testcase classname="tests.test_command_center.TestCommandResult" name="test_success_result" time="0.001" /><testcase classname="tests.test_command_center.TestCommandResult" name="test_error_result" time="0.001" /><testcase classname="tests.test_command_center.TestCommandResult" name="test_result_metrics" time="0.001" /><testcase classname="tests.test_command_center.TestCommandResult" name="test_result_to_dict" time="0.001" /><testcase classname="tests.test_command_center.TestEventBus" name="test_publish_event" time="0.004" /><testcase classname="tests.test_command_center.TestEventBus" name="test_subscribe_and_receive" time="0.001" /><testcase classname="tests.test_command_center.TestEventBus" name="test_wildcard_subscription" time="0.001" /><testcase classname="tests.test_command_center.TestEventBus" name="test_unsubscribe" time="0.001" /><testcase classname="tests.test_command_center.TestEventBus" name="test_get_recent_events" time="0.001" /><testcase classname="tests.test_command_center.TestIhsanEnforcer" name="test_compliant_command" time="0.001" /><testcase classname="tests.test_command_center.TestIhsanEnforcer" name="test_non_compliant_command" time="0.001" /><testcase classname="tests.test_command_center.TestIhsanEnforcer" name="test_skip_check_when_not_required" time="0.001" /><testcase classname="tests.test_command_center.TestIhsanEnforcer" name="test_compliance_rate" time="0.001" /><testcase classname="tests.test_command_center.TestIhsanEnforcer" name="test_get_violations" time="0.001" /><testcase classname="tests.test_command_center.TestCommandRouter" name="test_register_subsystem" time="0.001" /><testcase classname="tests.test_command_center.TestCommandRouter" name="test_unregister_subsystem" time="0.001" /><testcase classname="tests.test_command_center.TestCommandRouter" name="test_route_to_registered_subsystem" time="0.002" /><testcase classname="tests.test_command_center.TestCommandRouter" name="test_route_to_unregistered_subsystem" time="0.001" /><testcase classname="tests.test_command_center.TestCommandRouter" name="test_router_stats" time="0.001" /><testcase classname="tests.test_command_center.TestHealthAggregator" name="test_update_status" time="0.001" /><testcase classname="tests.test_command_center.TestHealthAggregator" name="test_health_degradation_alert" time="0.001" /><testcase classname="tests.test_command_center.TestHealthAggregator" name="test_overall_health_calculation" time="0.001" /><testcase classname="tests.test_command_center.TestHealthAggregator" name="test_empty_report" time="0.001" /><testcase classname="tests.test_command_center.TestNodeZeroCommandCenter" name="test_initialization" time="0.001" /><testcase classname="tests.test_command_center.TestNodeZeroCommandCenter" name="test_register_subsystem" time="0.001" /><testcase classname="tests.test_command_center.TestNodeZeroCommandCenter" name="test_execute_command" time="0.002" /><testcase classname="tests.test_command_center.TestNodeZeroCommandCenter" name="test_execute_batch" time="0.002" /><testcase classname="tests.test_command_center.TestNodeZeroCommandCenter" name="test_get_statistics" time="0.001" /><testcase classname="tests.test_command_center.TestNodeZeroCommandCenter" name="test_get_health_report" time="0.001" /><testcase classname="tests.test_command_center.TestNodeZeroCommandCenter" name="test_create_command" time="0.001" /><testcase classname="tests.test_command_center.TestNodeZeroCommandCenter" name="test_get_audit_log" time="0.001" /><testcase classname="tests.test_command_center.TestDataLakeSubsystem" name="test_subsystem_type" time="0.001" /><testcase classname="tests.test_command_center.TestDataLakeSubsystem" name="test_health_check_no_watcher" time="0.001" /><testcase classname="tests.test_command_center.TestDataLakeSubsystem" name="test_execute_without_watcher" time="0.001" /><testcase classname="tests.test_command_center.TestFactory" name="test_create_command_center" time="0.001" /><testcase classname="tests.test_command_center.TestIntegration" name="test_full_command_flow" time="0.002" /><testcase classname="tests.test_command_center.TestIntegration" name="test_context_manager" time="0.001" /><testcase classname="tests.test_constitution.TestConstitutionLoading" name="test_load_from_file" time="0.001"><failure message="core.constitution.ConstitutionError: toml library required. Install with: pip install toml">tests/test_constitution.py:193: in test_load_from_file
    constitution = Constitution.load(path=temp_constitution_file)
                   ^^^^^^^^^^^^^^^^^^^^^^^^^^^^^^^^^^^^^^^^^^^^^^
core/constitution.py:318: in load
    raise ConstitutionError(
E   core.constitution.ConstitutionError: toml library required. Install with: pip install toml</failure></testcase><testcase classname="tests.test_constitution.TestConstitutionLoading" name="test_singleton_pattern" time="0.001"><failure message="core.constitution.ConstitutionError: toml library required. Install with: pip install toml">tests/test_constitution.py:201: in test_singleton_pattern
    constitution1 = Constitution.load(path=temp_constitution_file)
                    ^^^^^^^^^^^^^^^^^^^^^^^^^^^^^^^^^^^^^^^^^^^^^^
core/constitution.py:318: in load
    raise ConstitutionError(
E   core.constitution.ConstitutionError: toml library required. Install with: pip install toml</failure></testcase><testcase classname="tests.test_constitution.TestConstitutionLoading" name="test_get_without_load_raises" time="0.001" /><testcase classname="tests.test_constitution.TestConstitutionLoading" name="test_reload_creates_new_instance" time="0.001"><failure message="core.constitution.ConstitutionError: toml library required. Install with: pip install toml">tests/test_constitution.py:213: in test_reload_creates_new_instance
    constitution1 = Constitution.load(path=temp_constitution_file)
                    ^^^^^^^^^^^^^^^^^^^^^^^^^^^^^^^^^^^^^^^^^^^^^^
core/constitution.py:318: in load
    raise ConstitutionError(
E   core.constitution.ConstitutionError: toml library required. Install with: pip install toml</failure></testcase><testcase classname="tests.test_constitution.TestConstitutionLoading" name="test_hash_computed" time="0.001"><failure message="core.constitution.ConstitutionError: toml library required. Install with: pip install toml">tests/test_constitution.py:222: in test_hash_computed
    constitution = Constitution.load(path=temp_constitution_file)
                   ^^^^^^^^^^^^^^^^^^^^^^^^^^^^^^^^^^^^^^^^^^^^^^
core/constitution.py:318: in load
    raise ConstitutionError(
E   core.constitution.ConstitutionError: toml library required. Install with: pip install toml</failure></testcase><testcase classname="tests.test_constitution.TestIhsanInvariants" name="test_ihsan_threshold_access" time="0.001"><failure message="core.constitution.ConstitutionError: toml library required. Install with: pip install toml">tests/test_constitution.py:238: in test_ihsan_threshold_access
    constitution = Constitution.load(path=temp_constitution_file)
                   ^^^^^^^^^^^^^^^^^^^^^^^^^^^^^^^^^^^^^^^^^^^^^^
core/constitution.py:318: in load
    raise ConstitutionError(
E   core.constitution.ConstitutionError: toml library required. Install with: pip install toml</failure></testcase><testcase classname="tests.test_constitution.TestIhsanInvariants" name="test_ihsan_emergency_threshold" time="0.001"><failure message="core.constitution.ConstitutionError: toml library required. Install with: pip install toml">tests/test_constitution.py:244: in test_ihsan_emergency_threshold
    constitution = Constitution.load(path=temp_constitution_file)
                   ^^^^^^^^^^^^^^^^^^^^^^^^^^^^^^^^^^^^^^^^^^^^^^
core/constitution.py:318: in load
    raise ConstitutionError(
E   core.constitution.ConstitutionError: toml library required. Install with: pip install toml</failure></testcase><testcase classname="tests.test_constitution.TestIhsanInvariants" name="test_ihsan_precision" time="0.001"><failure message="core.constitution.ConstitutionError: toml library required. Install with: pip install toml">tests/test_constitution.py:250: in test_ihsan_precision
    constitution = Constitution.load(path=temp_constitution_file)
                   ^^^^^^^^^^^^^^^^^^^^^^^^^^^^^^^^^^^^^^^^^^^^^^
core/constitution.py:318: in load
    raise ConstitutionError(
E   core.constitution.ConstitutionError: toml library required. Install with: pip install toml</failure></testcase><testcase classname="tests.test_constitution.TestIhsanInvariants" name="test_ihsan_threshold_fixed" time="0.001"><failure message="core.constitution.ConstitutionError: toml library required. Install with: pip install toml">tests/test_constitution.py:256: in test_ihsan_threshold_fixed
    constitution = Constitution.load(path=temp_constitution_file)
                   ^^^^^^^^^^^^^^^^^^^^^^^^^^^^^^^^^^^^^^^^^^^^^^
core/constitution.py:318: in load
    raise ConstitutionError(
E   core.constitution.ConstitutionError: toml library required. Install with: pip install toml</failure></testcase><testcase classname="tests.test_constitution.TestJusticeInvariants" name="test_gini_coefficient" time="0.001"><failure message="core.constitution.ConstitutionError: toml library required. Install with: pip install toml">tests/test_constitution.py:271: in test_gini_coefficient
    constitution = Constitution.load(path=temp_constitution_file)
                   ^^^^^^^^^^^^^^^^^^^^^^^^^^^^^^^^^^^^^^^^^^^^^^
core/constitution.py:318: in load
    raise ConstitutionError(
E   core.constitution.ConstitutionError: toml library required. Install with: pip install toml</failure></testcase><testcase classname="tests.test_constitution.TestJusticeInvariants" name="test_fairness_score" time="0.001"><failure message="core.constitution.ConstitutionError: toml library required. Install with: pip install toml">tests/test_constitution.py:277: in test_fairness_score
    constitution = Constitution.load(path=temp_constitution_file)
                   ^^^^^^^^^^^^^^^^^^^^^^^^^^^^^^^^^^^^^^^^^^^^^^
core/constitution.py:318: in load
    raise ConstitutionError(
E   core.constitution.ConstitutionError: toml library required. Install with: pip install toml</failure></testcase><testcase classname="tests.test_constitution.TestGateConfiguration" name="test_gate_exists" time="0.001"><failure message="core.constitution.ConstitutionError: toml library required. Install with: pip install toml">tests/test_constitution.py:290: in test_gate_exists
    constitution = Constitution.load(path=temp_constitution_file)
                   ^^^^^^^^^^^^^^^^^^^^^^^^^^^^^^^^^^^^^^^^^^^^^^
core/constitution.py:318: in load
    raise ConstitutionError(
E   core.constitution.ConstitutionError: toml library required. Install with: pip install toml</failure></testcase><testcase classname="tests.test_constitution.TestGateConfiguration" name="test_gate_properties" time="0.001"><failure message="core.constitution.ConstitutionError: toml library required. Install with: pip install toml">tests/test_constitution.py:297: in test_gate_properties
    constitution = Constitution.load(path=temp_constitution_file)
                   ^^^^^^^^^^^^^^^^^^^^^^^^^^^^^^^^^^^^^^^^^^^^^^
core/constitution.py:318: in load
    raise ConstitutionError(
E   core.constitution.ConstitutionError: toml library required. Install with: pip install toml</failure></testcase><testcase classname="tests.test_constitution.TestAgentRoles" name="test_pat_role" time="0.001"><failure message="core.constitution.ConstitutionError: toml library required. Install with: pip install toml">tests/test_constitution.py:314: in test_pat_role
    constitution = Constitution.load(path=temp_constitution_file)
                   ^^^^^^^^^^^^^^^^^^^^^^^^^^^^^^^^^^^^^^^^^^^^^^
core/constitution.py:318: in load
    raise ConstitutionError(
E   core.constitution.ConstitutionError: toml library required. Install with: pip install toml</failure></testcase><testcase classname="tests.test_constitution.TestAgentRoles" name="test_sat_role" time="0.001"><failure message="core.constitution.ConstitutionError: toml library required. Install with: pip install toml">tests/test_constitution.py:324: in test_sat_role
    constitution = Constitution.load(path=temp_constitution_file)
                   ^^^^^^^^^^^^^^^^^^^^^^^^^^^^^^^^^^^^^^^^^^^^^^
core/constitution.py:318: in load
    raise ConstitutionError(
E   core.constitution.ConstitutionError: toml library required. Install with: pip install toml</failure></testcase><testcase classname="tests.test_constitution.TestCryptoConfiguration" name="test_signature_algorithm" time="0.001"><failure message="core.constitution.ConstitutionError: toml library required. Install with: pip install toml">tests/test_constitution.py:341: in test_signature_algorithm
    constitution = Constitution.load(path=temp_constitution_file)
                   ^^^^^^^^^^^^^^^^^^^^^^^^^^^^^^^^^^^^^^^^^^^^^^
core/constitution.py:318: in load
    raise ConstitutionError(
E   core.constitution.ConstitutionError: toml library required. Install with: pip install toml</failure></testcase><testcase classname="tests.test_constitution.TestCryptoConfiguration" name="test_hash_algorithm" time="0.001"><failure message="core.constitution.ConstitutionError: toml library required. Install with: pip install toml">tests/test_constitution.py:347: in test_hash_algorithm
    constitution = Constitution.load(path=temp_constitution_file)
                   ^^^^^^^^^^^^^^^^^^^^^^^^^^^^^^^^^^^^^^^^^^^^^^
core/constitution.py:318: in load
    raise ConstitutionError(
E   core.constitution.ConstitutionError: toml library required. Install with: pip install toml</failure></testcase><testcase classname="tests.test_constitution.TestCryptoConfiguration" name="test_key_rotation_days" time="0.001"><failure message="core.constitution.ConstitutionError: toml library required. Install with: pip install toml">tests/test_constitution.py:353: in test_key_rotation_days
    constitution = Constitution.load(path=temp_constitution_file)
                   ^^^^^^^^^^^^^^^^^^^^^^^^^^^^^^^^^^^^^^^^^^^^^^
core/constitution.py:318: in load
    raise ConstitutionError(
E   core.constitution.ConstitutionError: toml library required. Install with: pip install toml</failure></testcase><testcase classname="tests.test_constitution.TestZKConfiguration" name="test_zk_backend" time="0.001"><failure message="core.constitution.ConstitutionError: toml library required. Install with: pip install toml">tests/test_constitution.py:367: in test_zk_backend
    constitution = Constitution.load(path=temp_constitution_file)
                   ^^^^^^^^^^^^^^^^^^^^^^^^^^^^^^^^^^^^^^^^^^^^^^
core/constitution.py:318: in load
    raise ConstitutionError(
E   core.constitution.ConstitutionError: toml library required. Install with: pip install toml</failure></testcase><testcase classname="tests.test_constitution.TestZKConfiguration" name="test_zk_proof_scheme" time="0.001"><failure message="core.constitution.ConstitutionError: toml library required. Install with: pip install toml">tests/test_constitution.py:373: in test_zk_proof_scheme
    constitution = Constitution.load(path=temp_constitution_file)
                   ^^^^^^^^^^^^^^^^^^^^^^^^^^^^^^^^^^^^^^^^^^^^^^
core/constitution.py:318: in load
    raise ConstitutionError(
E   core.constitution.ConstitutionError: toml library required. Install with: pip install toml</failure></testcase><testcase classname="tests.test_constitution.TestZKConfiguration" name="test_zk_security_bits" time="0.001"><failure message="core.constitution.ConstitutionError: toml library required. Install with: pip install toml">tests/test_constitution.py:379: in test_zk_security_bits
    constitution = Constitution.load(path=temp_constitution_file)
                   ^^^^^^^^^^^^^^^^^^^^^^^^^^^^^^^^^^^^^^^^^^^^^^
core/constitution.py:318: in load
    raise ConstitutionError(
E   core.constitution.ConstitutionError: toml library required. Install with: pip install toml</failure></testcase><testcase classname="tests.test_constitution.TestZKConfiguration" name="test_zk_fixed_point_thresholds" time="0.001"><failure message="core.constitution.ConstitutionError: toml library required. Install with: pip install toml">tests/test_constitution.py:385: in test_zk_fixed_point_thresholds
    constitution = Constitution.load(path=temp_constitution_file)
                   ^^^^^^^^^^^^^^^^^^^^^^^^^^^^^^^^^^^^^^^^^^^^^^
core/constitution.py:318: in load
    raise ConstitutionError(
E   core.constitution.ConstitutionError: toml library required. Install with: pip install toml</failure></testcase><testcase classname="tests.test_constitution.TestImmutableSections" name="test_immutable_sections_defined" time="0.001"><failure message="core.constitution.ConstitutionError: toml library required. Install with: pip install toml">tests/test_constitution.py:399: in test_immutable_sections_defined
    constitution = Constitution.load(path=temp_constitution_file)
                   ^^^^^^^^^^^^^^^^^^^^^^^^^^^^^^^^^^^^^^^^^^^^^^
core/constitution.py:318: in load
    raise ConstitutionError(
E   core.constitution.ConstitutionError: toml library required. Install with: pip install toml</failure></testcase><testcase classname="tests.test_constitution.TestImmutableSections" name="test_is_immutable_check" time="0.001"><failure message="core.constitution.ConstitutionError: toml library required. Install with: pip install toml">tests/test_constitution.py:408: in test_is_immutable_check
    constitution = Constitution.load(path=temp_constitution_file)
                   ^^^^^^^^^^^^^^^^^^^^^^^^^^^^^^^^^^^^^^^^^^^^^^
core/constitution.py:318: in load
    raise ConstitutionError(
E   core.constitution.ConstitutionError: toml library required. Install with: pip install toml</failure></testcase><testcase classname="tests.test_constitution.TestHashVerification" name="test_hash_verification_success" time="0.001"><failure message="core.constitution.ConstitutionError: toml library required. Install with: pip install toml">tests/test_constitution.py:424: in test_hash_verification_success
    constitution = Constitution.load(path=temp_constitution_file)
                   ^^^^^^^^^^^^^^^^^^^^^^^^^^^^^^^^^^^^^^^^^^^^^^
core/constitution.py:318: in load
    raise ConstitutionError(
E   core.constitution.ConstitutionError: toml library required. Install with: pip install toml</failure></testcase><testcase classname="tests.test_constitution.TestHashVerification" name="test_hash_verification_failure" time="0.001" /><testcase classname="tests.test_constitution.TestThreadSafety" name="test_concurrent_loading" time="0.003"><failure message="AssertionError: Errors occurred: [ConstitutionError('toml library required. Install with: pip install toml'), ConstitutionError('toml library required. Install with: pip install toml'), ConstitutionError('toml library required. Install with: pip install toml'), ConstitutionError('toml library required. Install with: pip install toml'), ConstitutionError('toml library required. Install with: pip install toml'), ConstitutionError('toml library required. Install with: pip install toml'), ConstitutionError('toml library required. Install with: pip install toml'), ConstitutionError('toml library required. Install with: pip install toml'), ConstitutionError('toml library required. Install with: pip install toml'), ConstitutionError('toml library required. Install with: pip install toml')]&#10;assert 10 == 0&#10; +  where 10 = len([ConstitutionError('toml library required. Install with: pip install toml'), ConstitutionError('toml library required. Install with: pip install toml'), ConstitutionError('toml library required. Install with: pip install toml'), ConstitutionError('toml library required. Install with: pip install toml'), ConstitutionError('toml library required. Install with: pip install toml'), ConstitutionError('toml library required. Install with: pip install toml'), ...])">tests/test_constitution.py:469: in test_concurrent_loading
    assert len(errors) == 0, f"Errors occurred: {errors}"
E   AssertionError: Errors occurred: [ConstitutionError('toml library required. Install with: pip install toml'), ConstitutionError('toml library required. Install with: pip install toml'), ConstitutionError('toml library required. Install with: pip install toml'), ConstitutionError('toml library required. Install with: pip install toml'), ConstitutionError('toml library required. Install with: pip install toml'), ConstitutionError('toml library required. Install with: pip install toml'), ConstitutionError('toml library required. Install with: pip install toml'), ConstitutionError('toml library required. Install with: pip install toml'), ConstitutionError('toml library required. Install with: pip install toml'), ConstitutionError('toml library required. Install with: pip install toml')]
E   assert 10 == 0
E    +  where 10 = len([ConstitutionError('toml library required. Install with: pip install toml'), ConstitutionError('toml library required. Install with: pip install toml'), ConstitutionError('toml library required. Install with: pip install toml'), ConstitutionError('toml library required. Install with: pip install toml'), ConstitutionError('toml library required. Install with: pip install toml'), ConstitutionError('toml library required. Install with: pip install toml'), ...])</failure></testcase><testcase classname="tests.test_constitution.TestThreadSafety" name="test_concurrent_get" time="0.001"><failure message="core.constitution.ConstitutionError: toml library required. Install with: pip install toml">tests/test_constitution.py:476: in test_concurrent_get
    Constitution.load(path=temp_constitution_file)
core/constitution.py:318: in load
    raise ConstitutionError(
E   core.constitution.ConstitutionError: toml library required. Install with: pip install toml</failure></testcase><testcase classname="tests.test_constitution.TestEdgeCases" name="test_missing_file_raises" time="0.001" /><testcase classname="tests.test_constitution.TestEdgeCases" name="test_invalid_toml_raises" time="0.001" /><testcase classname="tests.test_constitution.TestEdgeCases" name="test_missing_required_section_raises" time="0.001" /><testcase classname="tests.test_constitution.TestConstitutionIntegration" name="test_load_real_constitution" time="0.001"><failure message="core.constitution.ConstitutionError: toml library required. Install with: pip install toml">tests/test_constitution.py:566: in test_load_real_constitution
    constitution = Constitution.load(path=real_constitution_path)
                   ^^^^^^^^^^^^^^^^^^^^^^^^^^^^^^^^^^^^^^^^^^^^^^
core/constitution.py:318: in load
    raise ConstitutionError(
E   core.constitution.ConstitutionError: toml library required. Install with: pip install toml</failure></testcase><testcase classname="tests.test_constitution.TestConstitutionIntegration" name="test_real_constitution_has_all_sections" time="0.001"><failure message="core.constitution.ConstitutionError: toml library required. Install with: pip install toml">tests/test_constitution.py:574: in test_real_constitution_has_all_sections
    constitution = Constitution.load(path=real_constitution_path)
                   ^^^^^^^^^^^^^^^^^^^^^^^^^^^^^^^^^^^^^^^^^^^^^^
core/constitution.py:318: in load
    raise ConstitutionError(
E   core.constitution.ConstitutionError: toml library required. Install with: pip install toml</failure></testcase><testcase classname="tests.test_constitution.TestConstitutionIntegration" name="test_real_ihsan_threshold_is_correct" time="0.001"><failure message="core.constitution.ConstitutionError: toml library required. Install with: pip install toml">tests/test_constitution.py:587: in test_real_ihsan_threshold_is_correct
    constitution = Constitution.load(path=real_constitution_path)
                   ^^^^^^^^^^^^^^^^^^^^^^^^^^^^^^^^^^^^^^^^^^^^^^
core/constitution.py:318: in load
    raise ConstitutionError(
E   core.constitution.ConstitutionError: toml library required. Install with: pip install toml</failure></testcase><testcase classname="tests.test_core_modules.TestTieredVerification" name="test_import" time="0.001" /><testcase classname="tests.test_core_modules.TestTieredVerification" name="test_urgency_levels_exist" time="0.001" /><testcase classname="tests.test_core_modules.TestTieredVerification" name="test_verification_tiers_exist" time="0.001" /><testcase classname="tests.test_core_modules.TestTieredVerification" name="test_engine_initialization" time="0.001" /><testcase classname="tests.test_core_modules.TestTieredVerification" name="test_verify_action" time="0.042" /><testcase classname="tests.test_core_modules.TestTieredVerification" name="test_optimistic_verification_async_callback" time="0.001" /><testcase classname="tests.test_core_modules.TestConsequentialEthics" name="test_import" time="0.001" /><testcase classname="tests.test_core_modules.TestConsequentialEthics" name="test_verdict_severities_exist" time="0.001" /><testcase classname="tests.test_core_modules.TestConsequentialEthics" name="test_engine_initialization" time="0.001" /><testcase classname="tests.test_core_modules.TestConsequentialEthics" name="test_evaluate_beneficial_action" time="0.001" /><testcase classname="tests.test_core_modules.TestConsequentialEthics" name="test_evaluate_harmful_action" time="0.002" /><testcase classname="tests.test_core_modules.TestNarrativeCompiler" name="test_import" time="0.001" /><testcase classname="tests.test_core_modules.TestNarrativeCompiler" name="test_all_styles_exist" time="0.001" /><testcase classname="tests.test_core_modules.TestNarrativeCompiler" name="test_compiler_has_all_templates" time="0.001" /><testcase classname="tests.test_core_modules.TestNarrativeCompiler" name="test_compile_technical" time="0.001" /><testcase classname="tests.test_core_modules.TestNarrativeCompiler" name="test_compile_educational" time="0.001" /><testcase classname="tests.test_core_modules.TestNarrativeCompiler" name="test_compile_audit" time="0.001" /><testcase classname="tests.test_core_modules.TestValueOracle" name="test_import" time="0.001" /><testcase classname="tests.test_core_modules.TestValueOracle" name="test_oracle_initialization" time="0.001" /><testcase classname="tests.test_core_modules.TestValueOracle" name="test_compute_value" time="0.001" /><testcase classname="tests.test_core_modules.TestValueOracle" name="test_reputation_trust_clamped" time="0.001" /><testcase classname="tests.test_core_modules.TestUltimateIntegration" name="test_import" time="0.001" /><testcase classname="tests.test_core_modules.TestUltimateIntegration" name="test_initialization" time="0.001" /><testcase classname="tests.test_core_modules.TestUltimateIntegration" name="test_process_observation" time="0.043" /><testcase classname="tests.test_core_modules.TestUltimateIntegration" name="test_error_handling" time="0.002" /><testcase classname="tests.test_core_modules.TestUltimateIntegration" name="test_deterministic_id_generation" time="0.001" /><testcase classname="tests.test_core_modules.TestQuantumSecurity" name="test_import" time="0.001" /><testcase classname="tests.test_core_modules.TestQuantumSecurity" name="test_initialization" time="0.054" /><testcase classname="tests.test_core_modules.TestQuantumSecurity" name="test_key_persistence" time="0.003" /><testcase classname="tests.test_core_modules.TestQuantumSecurity" name="test_secure_operation" time="0.003" /><testcase classname="tests.test_core_modules.TestQuantumSecurity" name="test_chain_locking" time="0.005" /><testcase classname="tests.test_core_modules.TestIhsanBridge" name="test_import" time="0.003" /><testcase classname="tests.test_core_modules.TestIhsanBridge" name="test_blake3_attestation_id" time="0.001" /><testcase classname="tests.test_core_modules.TestIhsanBridge" name="test_canonical_json_deterministic" time="0.001" /><testcase classname="tests.test_core_modules.TestIhsanBridge" name="test_evidence_root_uses_blake3" time="0.001" /><testcase classname="tests.test_data_lake_watcher.TestFileAsset" name="test_create_asset" time="0.001" /><testcase classname="tests.test_data_lake_watcher.TestFileAsset" name="test_to_dict" time="0.001" /><testcase classname="tests.test_data_lake_watcher.TestFileAsset" name="test_from_dict" time="0.001" /><testcase classname="tests.test_data_lake_watcher.TestDataLakeWatcher" name="test_init" time="0.001" /><testcase classname="tests.test_data_lake_watcher.TestDataLakeWatcher" name="test_add_watched_path" time="0.001" /><testcase classname="tests.test_data_lake_watcher.TestDataLakeWatcher" name="test_remove_watched_path" time="0.001" /><testcase classname="tests.test_data_lake_watcher.TestDataLakeWatcher" name="test_remove_nonexistent_path" time="0.001" /><testcase classname="tests.test_data_lake_watcher.TestDataLakeWatcher" name="test_list_watched_paths" time="0.001" /><testcase classname="tests.test_data_lake_watcher.TestFileHashing" name="test_compute_file_hash" time="0.001" /><testcase classname="tests.test_data_lake_watcher.TestFileHashing" name="test_compute_hash_nonexistent_file" time="0.001" /><testcase classname="tests.test_data_lake_watcher.TestScanning" name="test_scan_all" time="0.011" /><testcase classname="tests.test_data_lake_watcher.TestScanning" name="test_detect_modification" time="0.005" /><testcase classname="tests.test_data_lake_watcher.TestScanning" name="test_detect_deletion" time="0.005" /><testcase classname="tests.test_data_lake_watcher.TestManifest" name="test_save_manifest" time="0.007" /><testcase classname="tests.test_data_lake_watcher.TestManifest" name="test_load_manifest" time="0.006" /><testcase classname="tests.test_data_lake_watcher.TestManifest" name="test_verify_manifest" time="0.007" /><testcase classname="tests.test_data_lake_watcher.TestSNRScoring" name="test_score_markdown_file" time="0.001" /><testcase classname="tests.test_data_lake_watcher.TestSNRScoring" name="test_score_tiny_file" time="0.001" /><testcase classname="tests.test_data_lake_watcher.TestSNRScoring" name="test_score_deeply_nested_file" time="0.001" /><testcase classname="tests.test_data_lake_watcher.TestSNRScoring" name="test_score_all_assets" time="0.004" /><testcase classname="tests.test_data_lake_watcher.TestChangeListeners" name="test_listener_receives_changes" time="0.004" /><testcase classname="tests.test_data_lake_watcher.TestChangeListeners" name="test_remove_listener" time="0.001" /><testcase classname="tests.test_data_lake_watcher.TestSummary" name="test_get_summary" time="0.005" /><testcase classname="tests.test_data_lake_watcher.TestFactory" name="test_create_default_watcher" time="0.001" /><testcase classname="tests.test_data_lake_watcher.TestIntegration" name="test_full_workflow" time="0.005" /><testcase classname="tests.test_elite.TestIhsanProperties" name="test_ihsan_composite_bounds" time="0.000"><skipped type="pytest.skip" message="Hypothesis not installed">/home/runner/work/bizra_scaffold/bizra_scaffold/tests/test_elite.py:404: Hypothesis not installed</skipped></testcase><testcase classname="tests.test_elite.TestIhsanProperties" name="test_ihsan_weights_normalization" time="0.000"><skipped type="pytest.skip" message="Hypothesis not installed">/home/runner/work/bizra_scaffold/bizra_scaffold/tests/test_elite.py:444: Hypothesis not installed</skipped></testcase><testcase classname="tests.test_elite.TestIhsanProperties" name="test_ihsan_threshold_consistency" time="0.000"><skipped type="pytest.skip" message="Hypothesis not installed">/home/runner/work/bizra_scaffold/bizra_scaffold/tests/test_elite.py:463: Hypothesis not installed</skipped></testcase><testcase classname="tests.test_elite.TestResilienceProperties" name="test_circuit_breaker_config_valid" time="0.000"><skipped type="pytest.skip" message="Hypothesis not installed">/home/runner/work/bizra_scaffold/bizra_scaffold/tests/test_elite.py:489: Hypothesis not installed</skipped></testcase><testcase classname="tests.test_elite.TestResilienceProperties" name="test_retry_delay_bounded" time="0.000"><skipped type="pytest.skip" message="Hypothesis not installed">/home/runner/work/bizra_scaffold/bizra_scaffold/tests/test_elite.py:510: Hypothesis not installed</skipped></testcase><testcase classname="tests.test_elite.TestResilienceProperties" name="test_rate_limiter_invariants" time="0.000"><skipped type="pytest.skip" message="Hypothesis not installed">/home/runner/work/bizra_scaffold/bizra_scaffold/tests/test_elite.py:538: Hypothesis not installed</skipped></testcase><testcase classname="tests.test_elite.TestEventSourcingProperties" name="test_event_immutability" time="0.000"><skipped type="pytest.skip" message="Hypothesis not installed">/home/runner/work/bizra_scaffold/bizra_scaffold/tests/test_elite.py:556: Hypothesis not installed</skipped></testcase><testcase classname="tests.test_elite.TestEventSourcingProperties" name="test_event_ordering_preserved" time="0.000"><skipped type="pytest.skip" message="Hypothesis not installed">/home/runner/work/bizra_scaffold/bizra_scaffold/tests/test_elite.py:578: Hypothesis not installed</skipped></testcase><testcase classname="tests.test_elite.TestChaosResilience" name="test_circuit_breaker_under_chaos" time="0.002" /><testcase classname="tests.test_elite.TestChaosResilience" name="test_bulkhead_under_pressure" time="0.651" /><testcase classname="tests.test_elite.TestChaosResilience" name="test_retry_under_intermittent_failures" time="3.257" /><testcase classname="tests.test_elite.TestChaosResilience" name="test_memory_pressure_recovery" time="0.195" /><testcase classname="tests.test_elite.TestPerformanceBenchmarks" name="test_circuit_breaker_throughput" time="1.108" /><testcase classname="tests.test_elite.TestPerformanceBenchmarks" name="test_rate_limiter_throughput" time="0.485" /><testcase classname="tests.test_elite.TestPerformanceBenchmarks" name="test_event_store_throughput" time="0.248" /><testcase classname="tests.test_elite.TestPerformanceBenchmarks" name="test_tracing_overhead" time="1.327" /><testcase classname="tests.test_elite.TestPerformanceBenchmarks" name="test_ihsan_calculation_throughput" time="1.745" /><testcase classname="tests.test_elite.TestStress" name="test_high_concurrency_stress" time="0.418" /><testcase classname="tests.test_elite.TestStress" name="test_event_store_capacity" time="0.014" /><testcase classname="tests.test_elite.TestStress" name="test_long_running_stability" time="1.385" /><testcase classname="tests.test_elite.TestEliteIntegration" name="test_resilience_stack_integration" time="0.012" /><testcase classname="tests.test_elite.TestEliteIntegration" name="test_observability_during_chaos" time="0.002" /><testcase classname="tests.test_golden_vectors.TestGoldenVectorManifest" name="test_manifest_exists" time="0.001" /><testcase classname="tests.test_golden_vectors.TestGoldenVectorManifest" name="test_manifest_has_categories" time="0.020" /><testcase classname="tests.test_golden_vectors.TestGoldenVectorManifest" name="test_all_vectors_in_manifest" time="0.021" /><testcase classname="tests.test_golden_vectors.TestGoldenVectorManifest" name="test_manifest_entries_have_files" time="0.020" /><testcase classname="tests.test_golden_vectors.TestGoldenVectorManifest" name="test_manifest_functions_are_resolvable" time="0.022" /><testcase classname="tests.test_golden_vectors.TestGoldenVectorStructure" name="test_vectors_have_required_fields" time="0.002" /><testcase classname="tests.test_golden_vectors.TestGoldenVectorStructure" name="test_vectors_have_valid_tolerance" time="0.002" /><testcase classname="tests.test_golden_vectors.TestSNRScoring" name="test_snr_001_basic_scoring" time="0.001" /><testcase classname="tests.test_golden_vectors.TestSNRScoring" name="test_snr_002_zero_noise" time="0.001" /><testcase classname="tests.test_golden_vectors.TestEthicalConstraints" name="test_eth_001_ihsan_acceptance" time="0.001" /><testcase classname="tests.test_golden_vectors.TestEthicalConstraints" name="test_eth_002_rejection" time="0.001" /><testcase classname="tests.test_golden_vectors.TestDeterminism" name="test_repeated_execution_same_result" time="0.001" /><testcase classname="tests.test_golden_vectors.TestDeterminism" name="test_hash_consistency" time="0.001" /><testcase classname="tests.test_golden_vectors.TestIntegrationVectors" name="test_int_001_full_pipeline" time="0.001" /><testcase classname="tests.test_golden_vectors" name="test_vector_loads_correctly[integration-int_001_full_pipeline-vector_path0]" time="0.001" /><testcase classname="tests.test_golden_vectors" name="test_vector_loads_correctly[got_reasoning-got_002_branching-vector_path1]" time="0.001" /><testcase classname="tests.test_golden_vectors" name="test_vector_loads_correctly[got_reasoning-got_001_linear_chain-vector_path2]" time="0.001" /><testcase classname="tests.test_golden_vectors" name="test_vector_loads_correctly[ethical_constraints-eth_001_ihsan_acceptance-vector_path3]" time="0.001" /><testcase classname="tests.test_golden_vectors" name="test_vector_loads_correctly[ethical_constraints-eth_002_rejection-vector_path4]" time="0.001" /><testcase classname="tests.test_golden_vectors" name="test_vector_loads_correctly[value_oracle-oracle_001_convergence-vector_path5]" time="0.001" /><testcase classname="tests.test_golden_vectors" name="test_vector_loads_correctly[snr_scoring-snr_003_high_noise-vector_path6]" time="0.001" /><testcase classname="tests.test_golden_vectors" name="test_vector_loads_correctly[snr_scoring-snr_002_zero_noise-vector_path7]" time="0.001" /><testcase classname="tests.test_golden_vectors" name="test_vector_loads_correctly[snr_scoring-snr_001_basic_scoring-vector_path8]" time="0.001" /><testcase classname="tests.test_golden_vectors" name="test_vector_loads_correctly[thermodynamic-thermo_001_carnot-vector_path9]" time="0.001" /><testcase classname="tests.test_integration.TestBlockchainSubstrate" name="test_genesis_block_created" time="0.003" /><testcase classname="tests.test_integration.TestBlockchainSubstrate" name="test_genesis_contains_ihsan_threshold" time="0.001" /><testcase classname="tests.test_integration.TestBlockchainSubstrate" name="test_submit_valid_transaction" time="0.002" /><testcase classname="tests.test_integration.TestBlockchainSubstrate" name="test_reject_low_ihsan_transaction" time="0.002" /><testcase classname="tests.test_integration.TestBlockchainSubstrate" name="test_create_block" time="0.002" /><testcase classname="tests.test_integration.TestBlockchainSubstrate" name="test_block_verification" time="0.002" /><testcase classname="tests.test_integration.TestMerkleTree" name="test_compute_root_empty" time="0.001" /><testcase classname="tests.test_integration.TestMerkleTree" name="test_compute_root_single" time="0.001" /><testcase classname="tests.test_integration.TestMerkleTree" name="test_merkle_proof_verification" time="0.001" /><testcase classname="tests.test_integration.TestIhsanEnforcer" name="test_enforcer_threshold" time="0.001" /><testcase classname="tests.test_integration.TestIhsanEnforcer" name="test_valid_transaction_passes" time="0.001" /><testcase classname="tests.test_integration.TestIhsanEnforcer" name="test_low_ihsan_fails" time="0.001" /><testcase classname="tests.test_integration.TestStatePersistenceEngine" name="test_register_agent" time="0.004" /><testcase classname="tests.test_integration.TestStatePersistenceEngine" name="test_agent_lifecycle_transition" time="0.002" /><testcase classname="tests.test_integration.TestStatePersistenceEngine" name="test_invalid_transition_fails" time="0.002" /><testcase classname="tests.test_integration.TestStatePersistenceEngine" name="test_update_agent_state" time="0.002" /><testcase classname="tests.test_integration.TestStatePersistenceEngine" name="test_checkpoint_creation" time="0.003" /><testcase classname="tests.test_integration.TestDualTokenWallet" name="test_deposit" time="0.001" /><testcase classname="tests.test_integration.TestDualTokenWallet" name="test_withdraw" time="0.001" /><testcase classname="tests.test_integration.TestDualTokenWallet" name="test_insufficient_balance" time="0.001" /><testcase classname="tests.test_integration.TestDualTokenWallet" name="test_staking" time="0.001" /><testcase classname="tests.test_integration.TestCognitiveState" name="test_ihsan_update" time="0.001" /><testcase classname="tests.test_integration.TestCognitiveState" name="test_ihsan_invalid_score" time="0.001" /><testcase classname="tests.test_integration.TestCognitiveState" name="test_goal_stack" time="0.001" /><testcase classname="tests.test_integration.TestGovernanceHypervisor" name="test_create_proposal" time="0.001" /><testcase classname="tests.test_integration.TestGovernanceHypervisor" name="test_circuit_breaker_veto" time="0.001" /><testcase classname="tests.test_integration.TestGovernanceHypervisor" name="test_voting_process" time="0.001" /><testcase classname="tests.test_integration.TestFATEMetrics" name="test_composite_calculation" time="0.001" /><testcase classname="tests.test_integration.TestFATEMetrics" name="test_validation_passes" time="0.001" /><testcase classname="tests.test_integration.TestFATEMetrics" name="test_validation_fails" time="0.001" /><testcase classname="tests.test_integration.TestIhsanCircuitBreaker" name="test_threshold" time="0.000" /><testcase classname="tests.test_integration.TestIhsanCircuitBreaker" name="test_trip_rate_tracking" time="0.001" /><testcase classname="tests.test_integration.TestLifecycleEmulator" name="test_full_lifecycle" time="0.002" /><testcase classname="tests.test_integration.TestLifecycleEmulator" name="test_phase_metrics" time="0.002" /><testcase classname="tests.test_integration.TestLifecycleEmulator" name="test_target_constants" time="0.001" /><testcase classname="tests.test_integration.TestPATSATOrchestrator" name="test_mint_pat" time="0.001" /><testcase classname="tests.test_integration.TestPATSATOrchestrator" name="test_mint_pat_low_ihsan_fails" time="0.001" /><testcase classname="tests.test_integration.TestPATSATOrchestrator" name="test_mint_sat_requires_higher_ihsan" time="0.001" /><testcase classname="tests.test_integration.TestPATSATOrchestrator" name="test_quadratic_voting_power" time="0.001" /><testcase classname="tests.test_integration.TestCrossLayerIntegration" name="test_blockchain_governance_integration" time="0.002" /><testcase classname="tests.test_integration.TestCrossLayerIntegration" name="test_persistence_blockchain_integration" time="0.002" /><testcase classname="tests.test_integration_elite.TestCrossLanguageCompatibility" name="test_blake3_attestation_id_deterministic" time="0.001" /><testcase classname="tests.test_integration_elite.TestCrossLanguageCompatibility" name="test_canonical_json_rfc8785_compliance" time="0.001" /><testcase classname="tests.test_integration_elite.TestCrossLanguageCompatibility" name="test_evidence_root_deterministic" time="0.001" /><testcase classname="tests.test_integration_elite.TestIhsanInvariants" name="test_weights_sum_to_unity" time="0.001" /><testcase classname="tests.test_integration_elite.TestIhsanInvariants" name="test_score_bounded_zero_one" time="0.008" /><testcase classname="tests.test_integration_elite.TestIhsanInvariants" name="test_perfect_score_passes_threshold" time="0.001" /><testcase classname="tests.test_integration_elite.TestIhsanInvariants" name="test_monotonicity" time="0.001" /><testcase classname="tests.test_integration_elite.TestIhsanInvariants" name="test_fail_closed_on_nan" time="0.001" /><testcase classname="tests.test_integration_elite.TestIhsanInvariants" name="test_fail_closed_on_infinity" time="0.001" /><testcase classname="tests.test_integration_elite.TestIhsanInvariants" name="test_fail_closed_on_out_of_range" time="0.001" /><testcase classname="tests.test_integration_elite.TestCognitiveCycleIntegration" name="test_full_cognitive_cycle" time="0.009"><failure message="ModuleNotFoundError: No module named 'networkx'">tests/test_integration_elite.py:283: in test_full_cognitive_cycle
    from cognitive_sovereign import CognitiveSovereign
cognitive_sovereign.py:20: in &lt;module&gt;
    import networkx as nx
E   ModuleNotFoundError: No module named 'networkx'</failure></testcase><testcase classname="tests.test_integration_elite.TestCognitiveCycleIntegration" name="test_temporal_chain_integrity_after_cycles" time="0.002"><failure message="ModuleNotFoundError: No module named 'networkx'">tests/test_integration_elite.py:306: in test_temporal_chain_integrity_after_cycles
    from cognitive_sovereign import CognitiveSovereign
cognitive_sovereign.py:20: in &lt;module&gt;
    import networkx as nx
E   ModuleNotFoundError: No module named 'networkx'</failure></testcase><testcase classname="tests.test_integration_elite.TestCognitiveCycleIntegration" name="test_memory_layer_consolidation" time="0.002"><failure message="ModuleNotFoundError: No module named 'networkx'">tests/test_integration_elite.py:327: in test_memory_layer_consolidation
    from cognitive_sovereign import CognitiveSovereign
cognitive_sovereign.py:20: in &lt;module&gt;
    import networkx as nx
E   ModuleNotFoundError: No module named 'networkx'</failure></testcase><testcase classname="tests.test_integration_elite.TestCognitiveCycleIntegration" name="test_l4_hypergraph_topology" time="0.002"><failure message="ModuleNotFoundError: No module named 'networkx'">tests/test_integration_elite.py:348: in test_l4_hypergraph_topology
    from cognitive_sovereign import CognitiveSovereign
cognitive_sovereign.py:20: in &lt;module&gt;
    import networkx as nx
E   ModuleNotFoundError: No module named 'networkx'</failure></testcase><testcase classname="tests.test_integration_elite.TestSecurityIntegration" name="test_quantum_security_key_persistence" time="0.004" /><testcase classname="tests.test_integration_elite.TestSecurityIntegration" name="test_secure_operation_creates_proof" time="0.003" /><testcase classname="tests.test_integration_elite.TestSecurityIntegration" name="test_chain_lock_prevents_race_conditions" time="0.009" /><testcase classname="tests.test_integration_elite.TestValueOracleComprehensive" name="test_shapley_oracle_evaluation" time="0.001" /><testcase classname="tests.test_integration_elite.TestValueOracleComprehensive" name="test_prediction_market_oracle" time="0.001" /><testcase classname="tests.test_integration_elite.TestValueOracleComprehensive" name="test_reputation_oracle" time="0.001" /><testcase classname="tests.test_integration_elite.TestValueOracleComprehensive" name="test_formal_verification_oracle" time="0.001" /><testcase classname="tests.test_integration_elite.TestValueOracleComprehensive" name="test_information_theoretic_oracle" time="0.001" /><testcase classname="tests.test_integration_elite.TestValueOracleComprehensive" name="test_pluralistic_oracle_synthesis" time="0.001" /><testcase classname="tests.test_integration_elite.TestValueOracleComprehensive" name="test_oracle_disagreement_detection" time="0.001" /><testcase classname="tests.test_integration_elite.TestValueOracleComprehensive" name="test_oracle_historical_accuracy_tracking" time="0.001" /><testcase classname="tests.test_integration_elite.TestTieredVerificationComprehensive" name="test_urgency_tier_selection" time="0.443" /><testcase classname="tests.test_integration_elite.TestTieredVerificationComprehensive" name="test_verification_latency_bounds" time="0.043" /><testcase classname="tests.test_integration_elite.TestTieredVerificationComprehensive" name="test_rollback_mechanism" time="0.002" /><testcase classname="tests.test_integration_elite.TestStressAndPerformance" name="test_high_throughput_verification" time="0.054" /><testcase classname="tests.test_integration_elite.TestStressAndPerformance" name="test_memory_layer_stress" time="0.003"><failure message="ModuleNotFoundError: No module named 'networkx'">tests/test_integration_elite.py:739: in test_memory_layer_stress
    from cognitive_sovereign import L1PerceptualBuffer, L2WorkingMemory
cognitive_sovereign.py:20: in &lt;module&gt;
    import networkx as nx
E   ModuleNotFoundError: No module named 'networkx'</failure></testcase><testcase classname="tests.test_integration_elite.TestStressAndPerformance" name="test_ihsan_validation_performance" time="0.068" /><testcase classname="tests.test_integration_elite.TestNarrativeCompilerComprehensive" name="test_all_five_styles_compile" time="0.001" /><testcase classname="tests.test_integration_elite.TestNarrativeCompilerComprehensive" name="test_markdown_export" time="0.001" /><testcase classname="tests.test_integration_elite.TestNarrativeCompilerComprehensive" name="test_reading_time_estimation" time="0.001" /><testcase classname="tests.test_integration_elite.TestNarrativeCompilerComprehensive" name="test_complexity_score_calculation" time="0.001" /><testcase classname="tests.test_integration_elite.TestUltimateIntegrationComprehensive" name="test_full_pipeline_execution" time="0.002" /><testcase classname="tests.test_integration_elite.TestUltimateIntegrationComprehensive" name="test_health_monitoring" time="0.001" /><testcase classname="tests.test_integration_elite.TestUltimateIntegrationComprehensive" name="test_quantized_convergence" time="0.001" /><testcase classname="tests.test_knowledge_bridge.TestKnowledgeNode" name="test_node_creation" time="0.001" /><testcase classname="tests.test_knowledge_bridge.TestKnowledgeNode" name="test_node_with_source" time="0.001" /><testcase classname="tests.test_knowledge_bridge.TestKnowledgeNode" name="test_node_with_properties" time="0.001" /><testcase classname="tests.test_knowledge_bridge.TestKnowledgeNode" name="test_node_signal_strength" time="0.001" /><testcase classname="tests.test_knowledge_bridge.TestKnowledgeNode" name="test_node_to_dict" time="0.001" /><testcase classname="tests.test_knowledge_bridge.TestKnowledgeNode" name="test_node_hash" time="0.001" /><testcase classname="tests.test_knowledge_bridge.TestKnowledgeEdge" name="test_edge_creation" time="0.001" /><testcase classname="tests.test_knowledge_bridge.TestKnowledgeEdge" name="test_edge_with_weight" time="0.001" /><testcase classname="tests.test_knowledge_bridge.TestKnowledgeEdge" name="test_edge_with_evidence" time="0.001" /><testcase classname="tests.test_knowledge_bridge.TestKnowledgeEdge" name="test_edge_to_dict" time="0.001" /><testcase classname="tests.test_knowledge_bridge.TestKnowledgeGraph" name="test_add_node" time="0.001" /><testcase classname="tests.test_knowledge_bridge.TestKnowledgeGraph" name="test_add_duplicate_node" time="0.001" /><testcase classname="tests.test_knowledge_bridge.TestKnowledgeGraph" name="test_get_node" time="0.001" /><testcase classname="tests.test_knowledge_bridge.TestKnowledgeGraph" name="test_get_nonexistent_node" time="0.001" /><testcase classname="tests.test_knowledge_bridge.TestKnowledgeGraph" name="test_remove_node" time="0.001" /><testcase classname="tests.test_knowledge_bridge.TestKnowledgeGraph" name="test_get_nodes_by_type" time="0.001" /><testcase classname="tests.test_knowledge_bridge.TestKnowledgeGraph" name="test_add_edge" time="0.001" /><testcase classname="tests.test_knowledge_bridge.TestKnowledgeGraph" name="test_add_edge_missing_nodes" time="0.001" /><testcase classname="tests.test_knowledge_bridge.TestKnowledgeGraph" name="test_get_edge" time="0.001" /><testcase classname="tests.test_knowledge_bridge.TestKnowledgeGraph" name="test_remove_edge" time="0.001" /><testcase classname="tests.test_knowledge_bridge.TestKnowledgeGraph" name="test_get_neighbors" time="0.001" /><testcase classname="tests.test_knowledge_bridge.TestKnowledgeGraph" name="test_get_outgoing_edges" time="0.001" /><testcase classname="tests.test_knowledge_bridge.TestKnowledgeGraph" name="test_bfs" time="0.001" /><testcase classname="tests.test_knowledge_bridge.TestKnowledgeGraph" name="test_find_path" time="0.001" /><testcase classname="tests.test_knowledge_bridge.TestKnowledgeGraph" name="test_find_path_no_connection" time="0.001" /><testcase classname="tests.test_knowledge_bridge.TestKnowledgeGraph" name="test_find_related" time="0.001" /><testcase classname="tests.test_knowledge_bridge.TestKnowledgeGraph" name="test_get_statistics" time="0.001" /><testcase classname="tests.test_knowledge_bridge.TestKnowledgeGraph" name="test_to_dict" time="0.001" /><testcase classname="tests.test_knowledge_bridge.TestKnowledgeGraph" name="test_save_and_load" time="0.004" /><testcase classname="tests.test_knowledge_bridge.TestKnowledgeExtractor" name="test_can_extract_python" time="0.014" /><testcase classname="tests.test_knowledge_bridge.TestKnowledgeExtractor" name="test_can_extract_markdown" time="0.001" /><testcase classname="tests.test_knowledge_bridge.TestKnowledgeExtractor" name="test_cannot_extract_binary" time="0.001" /><testcase classname="tests.test_knowledge_bridge.TestKnowledgeExtractor" name="test_extract_from_python_file" time="0.005" /><testcase classname="tests.test_knowledge_bridge.TestKnowledgeExtractor" name="test_extract_from_nonexistent_file" time="0.002" /><testcase classname="tests.test_knowledge_bridge.TestKnowledgeExtractor" name="test_extract_concepts" time="0.003" /><testcase classname="tests.test_knowledge_bridge.TestKnowledgeGraphBridge" name="test_initialization" time="0.001" /><testcase classname="tests.test_knowledge_bridge.TestKnowledgeGraphBridge" name="test_process_file" time="0.003" /><testcase classname="tests.test_knowledge_bridge.TestKnowledgeGraphBridge" name="test_process_directory" time="0.004" /><testcase classname="tests.test_knowledge_bridge.TestKnowledgeGraphBridge" name="test_search" time="0.001" /><testcase classname="tests.test_knowledge_bridge.TestKnowledgeGraphBridge" name="test_search_no_results" time="0.001" /><testcase classname="tests.test_knowledge_bridge.TestKnowledgeGraphBridge" name="test_find_related" time="0.001" /><testcase classname="tests.test_knowledge_bridge.TestKnowledgeGraphBridge" name="test_get_statistics" time="0.001" /><testcase classname="tests.test_knowledge_bridge.TestKnowledgeGraphBridge" name="test_save_and_load_graph" time="0.003" /><testcase classname="tests.test_knowledge_bridge.TestFactory" name="test_create_knowledge_bridge" time="0.001" /><testcase classname="tests.test_knowledge_bridge.TestFactory" name="test_create_knowledge_bridge_with_watcher" time="0.002" /><testcase classname="tests.test_knowledge_bridge.TestIntegration" name="test_full_extraction_pipeline" time="0.004" /><testcase classname="tests.test_pci_protocol.TestPCIEnvelope" name="test_envelope_creation" time="0.001" /><testcase classname="tests.test_pci_protocol.TestPCIEnvelope" name="test_envelope_signing" time="0.001" /><testcase classname="tests.test_pci_protocol.TestPCIEnvelope" name="test_envelope_verification" time="0.001" /><testcase classname="tests.test_pci_protocol.TestPCIEnvelope" name="test_envelope_tamper_detection" time="0.001" /><testcase classname="tests.test_pci_protocol.TestCanonicalJson" name="test_key_ordering" time="0.001" /><testcase classname="tests.test_pci_protocol.TestCanonicalJson" name="test_no_whitespace" time="0.001" /><testcase classname="tests.test_pci_protocol.TestCanonicalJson" name="test_deterministic_output" time="0.001" /><testcase classname="tests.test_pci_protocol.TestComputeDigest" name="test_domain_separation" time="0.001" /><testcase classname="tests.test_pci_protocol.TestComputeDigest" name="test_digest_format" time="0.001" /><testcase classname="tests.test_pci_protocol.TestRejectCodes" name="test_code_values_stable" time="0.001" /><testcase classname="tests.test_pci_protocol.TestRejectCodes" name="test_rejection_response_creation" time="0.001" /><testcase classname="tests.test_pci_protocol.TestReplayGuard" name="test_fresh_nonce_accepted" time="0.001" /><testcase classname="tests.test_pci_protocol.TestReplayGuard" name="test_duplicate_nonce_rejected" time="0.001" /><testcase classname="tests.test_pci_protocol.TestReplayGuard" name="test_timestamp_in_window" time="0.001" /><testcase classname="tests.test_pci_protocol.TestReplayGuard" name="test_timestamp_expired" time="0.001" /><testcase classname="tests.test_pci_protocol.TestReplayGuard" name="test_timestamp_future" time="0.001" /><testcase classname="tests.test_pci_protocol.TestPATAgent" name="test_create_proposal_success" time="0.001" /><testcase classname="tests.test_pci_protocol.TestPATAgent" name="test_create_proposal_low_ihsan" time="0.001" /><testcase classname="tests.test_pci_protocol.TestPATAgent" name="test_agent_type_is_pat" time="0.001" /><testcase classname="tests.test_pci_protocol.TestPATAgent" name="test_stats_tracking" time="0.001" /><testcase classname="tests.test_pci_protocol.TestSATAgent" name="test_verify_valid_envelope" time="0.002" /><testcase classname="tests.test_pci_protocol.TestSATAgent" name="test_verify_low_ihsan" time="0.002" /><testcase classname="tests.test_pci_protocol.TestSATAgent" name="test_receipt_structure" time="0.002" /><testcase classname="tests.test_pci_protocol.TestSATAgent" name="test_stats_tracking" time="0.003" /><testcase classname="tests.test_pci_protocol.TestPATSATIntegration" name="test_full_workflow" time="0.002" /><testcase classname="tests.test_pci_protocol.TestPATSATIntegration" name="test_replay_attack_prevented" time="0.002" /><testcase classname="tests.test_pci_protocol.TestPATSATIntegration" name="test_gate_latency_budget" time="0.001" /><testcase classname="tests.test_pci_protocol.TestVectors" name="test_reject_code_registry" time="0.001" /><testcase classname="tests.test_pci_protocol.TestVectors" name="test_latency_budgets" time="0.001" /><testcase classname="tests.test_pci_protocol.TestVectors" name="test_gate_ordering" time="0.001" /><testcase classname="tests.test_pci_protocol.TestVectors" name="test_ihsan_threshold_vector" time="0.001" /><testcase classname="tests.test_pci_protocol.TestVectors" name="test_replay_vector" time="0.001" /><testcase classname="tests.test_pci_protocol.TestEdgeCases" name="test_unsigned_envelope_rejected" time="0.001" /><testcase classname="tests.test_pci_protocol.TestEdgeCases" name="test_invalid_nonce_length" time="0.001" /><testcase classname="tests.test_pci_protocol.TestEdgeCases" name="test_boundary_ihsan_score" time="0.001" /><testcase classname="tests.test_production_safeguards.TestCircuitBreaker" name="test_circuit_breaker_starts_closed" time="0.001" /><testcase classname="tests.test_production_safeguards.TestCircuitBreaker" name="test_successful_calls_keep_circuit_closed" time="0.001" /><testcase classname="tests.test_production_safeguards.TestCircuitBreaker" name="test_circuit_opens_after_threshold_failures" time="0.002" /><testcase classname="tests.test_production_safeguards.TestCircuitBreaker" name="test_open_circuit_blocks_calls" time="0.003" /><testcase classname="tests.test_production_safeguards.TestCircuitBreaker" name="test_open_circuit_uses_fallback" time="0.001" /><testcase classname="tests.test_production_safeguards.TestCircuitBreaker" name="test_circuit_half_open_after_timeout" time="0.152" /><testcase classname="tests.test_production_safeguards.TestCircuitBreaker" name="test_half_open_closes_after_successes" time="0.152" /><testcase classname="tests.test_production_safeguards.TestInputValidator" name="test_validate_empty_seed_concepts" time="0.001" /><testcase classname="tests.test_production_safeguards.TestInputValidator" name="test_validate_valid_seed_concepts" time="0.001" /><testcase classname="tests.test_production_safeguards.TestInputValidator" name="test_validate_too_many_seed_concepts" time="0.001" /><testcase classname="tests.test_production_safeguards.TestInputValidator" name="test_validate_concept_too_long" time="0.001" /><testcase classname="tests.test_production_safeguards.TestInputValidator" name="test_validate_control_characters_removed" time="0.001" /><testcase classname="tests.test_production_safeguards.TestInputValidator" name="test_validate_non_string_concepts" time="0.001" /><testcase classname="tests.test_production_safeguards.TestInputValidator" name="test_validate_beam_width_valid" time="0.001" /><testcase classname="tests.test_production_safeguards.TestInputValidator" name="test_validate_beam_width_too_small" time="0.001" /><testcase classname="tests.test_production_safeguards.TestInputValidator" name="test_validate_beam_width_too_large" time="0.001" /><testcase classname="tests.test_production_safeguards.TestInputValidator" name="test_validate_beam_width_not_integer" time="0.001" /><testcase classname="tests.test_production_safeguards.TestInputValidator" name="test_validate_max_depth_valid" time="0.001" /><testcase classname="tests.test_production_safeguards.TestInputValidator" name="test_validate_max_depth_too_large" time="0.001" /><testcase classname="tests.test_production_safeguards.TestInputValidator" name="test_validate_snr_threshold_valid" time="0.001" /><testcase classname="tests.test_production_safeguards.TestInputValidator" name="test_validate_snr_threshold_negative" time="0.001" /><testcase classname="tests.test_production_safeguards.TestInputValidator" name="test_validate_snr_threshold_too_high" time="0.001" /><testcase classname="tests.test_production_safeguards.TestGracefulDegradation" name="test_fallback_hypergraph_query" time="0.001" /><testcase classname="tests.test_production_safeguards.TestGracefulDegradation" name="test_fallback_snr_computation" time="0.001" /><testcase classname="tests.test_production_safeguards.TestGracefulDegradation" name="test_fallback_convergence" time="0.001" /><testcase classname="tests.test_production_safeguards.TestHealthChecker" name="test_health_check_neo4j_success" time="0.002" /><testcase classname="tests.test_production_safeguards.TestHealthChecker" name="test_health_check_neo4j_failure" time="0.002" /><testcase classname="tests.test_production_safeguards.TestHealthChecker" name="test_health_check_neo4j_timeout" time="0.102" /><testcase classname="tests.test_production_safeguards.TestHealthChecker" name="test_full_health_check_all_healthy" time="0.003" /><testcase classname="tests.test_production_safeguards.TestHealthChecker" name="test_full_health_check_one_degraded" time="0.002" /><testcase classname="tests.test_production_safeguards.TestHealthChecker" name="test_full_health_check_critical" time="0.002" /><testcase classname="tests.test_production_safeguards.TestAuditLogger" name="test_log_thought_chain_construction" time="0.001" /><testcase classname="tests.test_production_safeguards.TestAuditLogger" name="test_log_ethical_override" time="0.001" /><testcase classname="tests.test_production_safeguards.TestAuditLogger" name="test_log_circuit_breaker_state_change" time="0.001" /><testcase classname="tests.test_production_safeguards.TestAuditLogger" name="test_audit_events_have_integrity_hash" time="0.001" /><testcase classname="tests.test_production_safeguards.TestTimeoutProtection" name="test_operation_completes_before_timeout" time="0.012" /><testcase classname="tests.test_production_safeguards.TestTimeoutProtection" name="test_operation_timeout_raises_exception" time="0.102" /><testcase classname="tests.test_production_safeguards.TestEthicalConstraintsIntegration" name="test_high_snr_requires_high_ihsan" time="0.001" /><testcase classname="tests.test_production_safeguards.TestEthicalConstraintsIntegration" name="test_ethical_constraints_cannot_be_disabled_in_production" time="0.001" /><testcase classname="tests.test_security_infrastructure.TestSecretValidator" name="test_empty_secret_rejected" time="0.029" /><testcase classname="tests.test_security_infrastructure.TestSecretValidator" name="test_short_secret_rejected" time="0.001" /><testcase classname="tests.test_security_infrastructure.TestSecretValidator" name="test_common_patterns_detected" time="0.001" /><testcase classname="tests.test_security_infrastructure.TestSecretValidator" name="test_strong_secret_accepted" time="0.001" /><testcase classname="tests.test_security_infrastructure.TestSecretValidator" name="test_algorithm_specific_requirements" time="0.001" /><testcase classname="tests.test_security_infrastructure.TestSecretValidator" name="test_entropy_calculation" time="0.001" /><testcase classname="tests.test_security_infrastructure.TestSecureJWTService" name="test_create_and_verify_token" time="0.001" /><testcase classname="tests.test_security_infrastructure.TestSecureJWTService" name="test_expired_token_rejected" time="0.001" /><testcase classname="tests.test_security_infrastructure.TestSecureJWTService" name="test_revoked_token_rejected" time="0.001" /><testcase classname="tests.test_security_infrastructure.TestSecureJWTService" name="test_key_rotation" time="0.001" /><testcase classname="tests.test_security_infrastructure.TestTokenRevocationStore" name="test_in_memory_store" time="0.001" /><testcase classname="tests.test_security_infrastructure.TestTokenRevocationStore" name="test_expired_entries_cleaned" time="0.001" /><testcase classname="tests.test_security_infrastructure.TestSoftwareHSM" name="test_create_key" time="0.005" /><testcase classname="tests.test_security_infrastructure.TestSoftwareHSM" name="test_encrypt_decrypt" time="0.001" /><testcase classname="tests.test_security_infrastructure.TestSoftwareHSM" name="test_key_rotation" time="0.001" /><testcase classname="tests.test_security_infrastructure.TestSoftwareHSM" name="test_sign_verify" time="0.001" /><testcase classname="tests.test_security_infrastructure.TestSoftwareHSM" name="test_key_not_found" time="0.001" /><testcase classname="tests.test_security_infrastructure.TestKeyManagementService" name="test_create_jwt_signing_key" time="0.001" /><testcase classname="tests.test_security_infrastructure.TestKeyManagementService" name="test_encrypt_decrypt_sensitive" time="0.001" /><testcase classname="tests.test_security_infrastructure.TestBoundedList" name="test_max_size_enforced" time="0.001" /><testcase classname="tests.test_security_infrastructure.TestBoundedList" name="test_eviction_callback" time="0.001" /><testcase classname="tests.test_security_infrastructure.TestBoundedList" name="test_thread_safety" time="0.003" /><testcase classname="tests.test_security_infrastructure.TestBoundedList" name="test_stats" time="0.001" /><testcase classname="tests.test_security_infrastructure.TestLRUCache" name="test_lru_eviction" time="0.001" /><testcase classname="tests.test_security_infrastructure.TestLRUCache" name="test_ttl_expiration" time="0.151" /><testcase classname="tests.test_security_infrastructure.TestSlidingWindowStats" name="test_basic_stats" time="0.001" /><testcase classname="tests.test_security_infrastructure.TestSlidingWindowStats" name="test_window_expiration" time="0.151" /><testcase classname="tests.test_security_infrastructure.TestAsyncExecution" name="test_run_cpu_bound" time="0.005" /><testcase classname="tests.test_security_infrastructure.TestAsyncExecution" name="test_gather_with_concurrency" time="0.044" /><testcase classname="tests.test_security_infrastructure.TestAsyncExecution" name="test_batch_process" time="0.003" /><testcase classname="tests.test_security_infrastructure.TestAsyncExecution" name="test_retry_async" time="0.036" /><testcase classname="tests.test_security_infrastructure.TestAsyncRateLimiter" name="test_rate_limiting" time="0.102" /><testcase classname="tests.test_security_infrastructure.TestCognitiveProcessor" name="test_compute_convergence" time="0.002" /><testcase classname="tests.test_security_infrastructure.TestCognitiveProcessor" name="test_stats_tracking" time="0.003" /><testcase classname="tests.test_security_infrastructure.TestVerificationCoordinator" name="test_tier_selection" time="0.102" /><testcase classname="tests.test_security_infrastructure.TestUltimateOrchestrator" name="test_full_processing_pipeline" time="0.003" /><testcase classname="tests.test_security_infrastructure.TestUltimateOrchestrator" name="test_component_isolation" time="0.003" /><testcase classname="tests.test_security_infrastructure.TestSecurityIntegration" name="test_hsm_jwt_integration" time="0.002" /><testcase classname="tests.test_security_infrastructure.TestSecurityIntegration" name="test_memory_management_integration" time="0.001" /><testcase classname="tests.test_thermodynamic_engine.TestThermodynamicConstants" name="test_constants_values" time="0.001" /><testcase classname="tests.test_thermodynamic_engine.TestThermodynamicConstants" name="test_temperature_ordering" time="0.001" /><testcase classname="tests.test_thermodynamic_engine.TestThermodynamicConstants" name="test_pressure_ordering" time="0.001" /><testcase classname="tests.test_thermodynamic_engine.TestReservoir" name="test_reservoir_creation" time="0.001" /><testcase classname="tests.test_thermodynamic_engine.TestReservoir" name="test_infinite_reservoir_absorb" time="0.001" /><testcase classname="tests.test_thermodynamic_engine.TestReservoir" name="test_finite_reservoir_heats_up" time="0.001" /><testcase classname="tests.test_thermodynamic_engine.TestReservoir" name="test_reservoir_capacity_limit" time="0.001" /><testcase classname="tests.test_thermodynamic_engine.TestWorkingFluid" name="test_fluid_creation" time="0.001" /><testcase classname="tests.test_thermodynamic_engine.TestWorkingFluid" name="test_enthalpy_calculation" time="0.001" /><testcase classname="tests.test_thermodynamic_engine.TestWorkingFluid" name="test_helmholtz_free_energy" time="0.001" /><testcase classname="tests.test_thermodynamic_engine.TestWorkingFluid" name="test_gibbs_free_energy" time="0.001" /><testcase classname="tests.test_thermodynamic_engine.TestWorkingFluid" name="test_spontaneity" time="0.001" /><testcase classname="tests.test_thermodynamic_engine.TestIsothermalProcess" name="test_isothermal_expansion" time="0.001" /><testcase classname="tests.test_thermodynamic_engine.TestIsothermalProcess" name="test_isothermal_compression" time="0.001" /><testcase classname="tests.test_thermodynamic_engine.TestAdiabaticProcess" name="test_adiabatic_no_heat_transfer" time="0.001" /><testcase classname="tests.test_thermodynamic_engine.TestAdiabaticProcess" name="test_adiabatic_expansion_cools" time="0.001" /><testcase classname="tests.test_thermodynamic_engine.TestAdiabaticProcess" name="test_adiabatic_compression_heats" time="0.001" /><testcase classname="tests.test_thermodynamic_engine.TestBIZRAThermodynamicEngine" name="test_engine_creation" time="0.001" /><testcase classname="tests.test_thermodynamic_engine.TestBIZRAThermodynamicEngine" name="test_carnot_efficiency_limit" time="0.001" /><testcase classname="tests.test_thermodynamic_engine.TestBIZRAThermodynamicEngine" name="test_create_working_fluid" time="0.001" /><testcase classname="tests.test_thermodynamic_engine.TestBIZRAThermodynamicEngine" name="test_stake_entropy_calculation" time="0.001" /><testcase classname="tests.test_thermodynamic_engine.TestBIZRAThermodynamicEngine" name="test_otto_cycle" time="0.002" /><testcase classname="tests.test_thermodynamic_engine.TestBIZRAThermodynamicEngine" name="test_carnot_cycle" time="0.001" /><testcase classname="tests.test_thermodynamic_engine.TestBIZRAThermodynamicEngine" name="test_stirling_cycle" time="0.001" /><testcase classname="tests.test_thermodynamic_engine.TestBIZRAThermodynamicEngine" name="test_run_cycle_dispatch" time="0.001" /><testcase classname="tests.test_thermodynamic_engine.TestBIZRAThermodynamicEngine" name="test_efficiency_report" time="0.001" /><testcase classname="tests.test_thermodynamic_engine.TestBIZRAThermodynamicEngine" name="test_landauer_cost" time="0.001" /><testcase classname="tests.test_thermodynamic_engine.TestBIZRAThermodynamicEngine" name="test_governance_entropy" time="0.001" /><testcase classname="tests.test_thermodynamic_engine.TestFactoryFunction" name="test_create_otto_engine" time="0.001" /><testcase classname="tests.test_thermodynamic_engine.TestFactoryFunction" name="test_create_carnot_engine" time="0.001" /><testcase classname="tests.test_thermodynamic_engine.TestFactoryFunction" name="test_create_stirling_engine" time="0.001" /><testcase classname="tests.test_thermodynamic_engine.TestFactoryFunction" name="test_custom_temperatures" time="0.001" /><testcase classname="tests.test_thermodynamic_engine.TestFactoryFunction" name="test_unknown_cycle_defaults_to_otto" time="0.001" /><testcase classname="tests.test_thermodynamic_engine.TestSecondLawCompliance" name="test_efficiency_cannot_exceed_carnot" time="0.002" /><testcase classname="tests.test_thermodynamic_engine.TestSecondLawCompliance" name="test_total_entropy_non_negative" time="0.001" /><testcase classname="tests.test_thermodynamic_engine.TestIhsanCoupling" name="test_ihsan_reduces_extractable_work" time="0.001" /><testcase classname="tests.test_value_oracle_elite.TestShapleyOracleEdgeCases" name="test_evaluate_edge_case_max_values" time="0.001" /><testcase classname="tests.test_value_oracle_elite.TestShapleyOracleEdgeCases" name="test_evaluate_edge_case_zero_values" time="0.001" /><testcase classname="tests.test_value_oracle_elite.TestShapleyOracleEdgeCases" name="test_evaluate_high_quantization_error" time="0.001" /><testcase classname="tests.test_value_oracle_elite.TestShapleyOracleEdgeCases" name="test_evaluate_standard_convergence" time="0.001" /><testcase classname="tests.test_value_oracle_elite.TestShapleyOracleEdgeCases" name="test_historical_accuracy" time="0.001" /><testcase classname="tests.test_value_oracle_elite.TestShapleyOracleEdgeCases" name="test_oracle_type" time="0.001" /><testcase classname="tests.test_value_oracle_elite.TestPredictionMarketOracleEdgeCases" name="test_evaluate_high_clarity" time="0.001" /><testcase classname="tests.test_value_oracle_elite.TestPredictionMarketOracleEdgeCases" name="test_evaluate_low_clarity" time="0.001" /><testcase classname="tests.test_value_oracle_elite.TestPredictionMarketOracleEdgeCases" name="test_historical_accuracy" time="0.001" /><testcase classname="tests.test_value_oracle_elite.TestPredictionMarketOracleEdgeCases" name="test_oracle_type" time="0.001" /><testcase classname="tests.test_value_oracle_elite.TestReputationOracleEdgeCases" name="test_evaluate_standard" time="0.001" /><testcase classname="tests.test_value_oracle_elite.TestReputationOracleEdgeCases" name="test_oracle_type" time="0.001" /><testcase classname="tests.test_value_oracle_elite.TestFormalVerificationOracleEdgeCases" name="test_evaluate_provides_reasoning" time="0.001" /><testcase classname="tests.test_value_oracle_elite.TestFormalVerificationOracleEdgeCases" name="test_oracle_type" time="0.001" /><testcase classname="tests.test_value_oracle_elite.TestInformationTheoreticOracleEdgeCases" name="test_high_mutual_information_scores_well" time="0.001" /><testcase classname="tests.test_value_oracle_elite.TestInformationTheoreticOracleEdgeCases" name="test_low_entropy_favorable" time="0.001" /><testcase classname="tests.test_value_oracle_elite.TestInformationTheoreticOracleEdgeCases" name="test_oracle_type" time="0.001" /><testcase classname="tests.test_value_oracle_elite.TestPluralisticValueOracleComprehensive" name="test_compute_value_perfect_convergence" time="0.001" /><testcase classname="tests.test_value_oracle_elite.TestPluralisticValueOracleComprehensive" name="test_compute_value_standard" time="0.001" /><testcase classname="tests.test_value_oracle_elite.TestPluralisticValueOracleComprehensive" name="test_compute_value_zero_convergence" time="0.001" /><testcase classname="tests.test_value_oracle_elite.TestPluralisticValueOracleComprehensive" name="test_disagreement_score_present" time="0.001" /><testcase classname="tests.test_value_oracle_elite.TestPluralisticValueOracleComprehensive" name="test_has_five_oracles" time="0.001" /><testcase classname="tests.test_value_oracle_elite.TestPluralisticValueOracleComprehensive" name="test_oracle_types_correct" time="0.001" /><testcase classname="tests.test_value_oracle_elite.TestPluralisticValueOracleComprehensive" name="test_oracle_weights_sum_to_one" time="0.001" /><testcase classname="tests.test_value_oracle_elite.TestOracleDeterminism" name="test_pluralistic_determinism" time="0.001" /><testcase classname="tests.test_value_oracle_elite.TestOracleDeterminism" name="test_shapley_determinism" time="0.001" /><testcase classname="tests.test_value_oracle_elite.TestOraclePropertyBased" name="test_all_oracles_bounded_output" time="0.006" /><testcase classname="tests.test_value_oracle_elite.TestOraclePropertyBased" name="test_pluralistic_bounded_output" time="0.004" /><testcase classname="tests.test_value_oracle_elite.TestConvergenceDataclass" name="test_convergence_creation" time="0.001" /><testcase classname="tests.test_value_oracle_elite.TestConvergenceDataclass" name="test_convergence_with_metadata" time="0.001" /><testcase classname="tests.test_zk_bridge.TestIhsanReceipt" name="test_receipt_creation" time="0.001" /><testcase classname="tests.test_zk_bridge.TestIhsanReceipt" name="test_receipt_validation_agent_id" time="0.001" /><testcase classname="tests.test_zk_bridge.TestIhsanReceipt" name="test_receipt_validation_hash_length" time="0.001" /><testcase classname="tests.test_zk_bridge.TestIhsanReceipt" name="test_receipt_validation_nonce_length" time="0.001" /><testcase classname="tests.test_zk_bridge.TestIhsanReceipt" name="test_to_circuit_input_format" time="0.001" /><testcase classname="tests.test_zk_bridge.TestIhsanReceipt" name="test_to_circuit_input_structure" time="0.001" /><testcase classname="tests.test_zk_bridge.TestIhsanReceipt" name="test_from_circuit_input_roundtrip" time="0.001" /><testcase classname="tests.test_zk_bridge.TestIhsanReceipt" name="test_from_circuit_input_wrong_length" time="0.001" /><testcase classname="tests.test_zk_bridge.TestIhsanReceipt" name="test_to_json_roundtrip" time="0.001" /><testcase classname="tests.test_zk_bridge.TestIhsanReceipt" name="test_meets_threshold_passing" time="0.001" /><testcase classname="tests.test_zk_bridge.TestIhsanReceipt" name="test_meets_threshold_failing" time="0.001" /><testcase classname="tests.test_zk_bridge.TestFixedPointConversion" name="test_scale_constant" time="0.001" /><testcase classname="tests.test_zk_bridge.TestFixedPointConversion" name="test_to_fixed_point_standard" time="0.001" /><testcase classname="tests.test_zk_bridge.TestFixedPointConversion" name="test_to_fixed_point_precision" time="0.001" /><testcase classname="tests.test_zk_bridge.TestFixedPointConversion" name="test_to_fixed_point_out_of_range" time="0.001" /><testcase classname="tests.test_zk_bridge.TestFixedPointConversion" name="test_from_fixed_point" time="0.001" /><testcase classname="tests.test_zk_bridge.TestZKBridge" name="test_bridge_creation" time="0.001" /><testcase classname="tests.test_zk_bridge.TestZKBridge" name="test_bridge_default_constitution" time="0.004" /><testcase classname="tests.test_zk_bridge.TestZKBridge" name="test_hash_agent_id" time="0.001" /><testcase classname="tests.test_zk_bridge.TestZKBridge" name="test_compute_transaction_hash" time="0.001" /><testcase classname="tests.test_zk_bridge.TestZKBridge" name="test_convert_from_dict" time="0.001" /><testcase classname="tests.test_zk_bridge.TestZKBridge" name="test_prepare_proof_input" time="0.001" /><testcase classname="tests.test_zk_bridge.TestZKBridge" name="test_proof_input_risc0_format" time="0.001" /><testcase classname="tests.test_zk_bridge.TestZKBridge" name="test_validate_receipt_passing" time="0.001" /><testcase classname="tests.test_zk_bridge.TestZKBridge" name="test_validate_receipt_failing_ihsan" time="0.001" /><testcase classname="tests.test_zk_bridge.TestZKBridge" name="test_validate_receipt_failing_snr" time="0.001" /><testcase classname="tests.test_zk_bridge.TestBatchConverter" name="test_batch_creation" time="0.001" /><testcase classname="tests.test_zk_bridge.TestBatchConverter" name="test_add_receipt" time="0.001" /><testcase classname="tests.test_zk_bridge.TestBatchConverter" name="test_add_multiple_receipts" time="0.001" /><testcase classname="tests.test_zk_bridge.TestBatchConverter" name="test_add_dict" time="0.001" /><testcase classname="tests.test_zk_bridge.TestBatchConverter" name="test_get_batch" time="0.001" /><testcase classname="tests.test_zk_bridge.TestBatchConverter" name="test_clear_batch" time="0.001" /><testcase classname="tests.test_zk_bridge.TestBatchConverter" name="test_compute_batch_hash_empty" time="0.001" /><testcase classname="tests.test_zk_bridge.TestBatchConverter" name="test_compute_batch_hash_single" time="0.001" /><testcase classname="tests.test_zk_bridge.TestBatchConverter" name="test_compute_batch_hash_multiple" time="0.001" /><testcase classname="tests.test_zk_bridge.TestBatchConverter" name="test_serialize_batch" time="0.001" /><testcase classname="tests.test_zk_bridge.TestBatchConverter" name="test_deserialize_batch" time="0.001" /><testcase classname="tests.test_zk_bridge.TestAccumulatorIntegration" name="test_accumulator_creation" time="0.001" /><testcase classname="tests.test_zk_bridge.TestAccumulatorIntegration" name="test_accumulator_add_receipt" time="0.001" /><testcase classname="tests.test_zk_bridge.TestAccumulatorIntegration" name="test_accumulator_merkle_root" time="0.001" /><testcase classname="tests.test_zk_bridge.TestAccumulatorIntegration" name="test_accumulator_generate_proof" time="0.001" /><testcase classname="tests.test_zk_bridge.TestAccumulatorIntegration" name="test_accumulator_verify_membership" time="0.001" /><testcase classname="tests.test_zk_bridge.TestAccumulatorIntegration" name="test_accumulator_seal" time="0.001" /><testcase classname="tests.test_zk_bridge.TestAccumulatorIntegration" name="test_accumulator_cannot_add_after_seal" time="0.001" /><testcase classname="tests.test_zk_bridge.TestAccumulatorIntegration" name="test_accumulator_prepare_recursive_input" time="0.001" /><testcase classname="tests.test_zk_bridge.TestMerkleProof" name="test_proof_creation" time="0.001" /><testcase classname="tests.test_zk_bridge.TestMerkleProof" name="test_proof_validation_mismatch" time="0.001" /><testcase classname="tests.test_zk_bridge.TestMerkleProof" name="test_proof_serialization_roundtrip" time="0.001" /><testcase classname="tests.test_zk_bridge.TestMerkleProof" name="test_proof_json_roundtrip" time="0.001" /><testcase classname="tests.test_zk_bridge.TestGoldenVectors" name="test_vectors_file_exists" time="0.002" /><testcase classname="tests.test_zk_bridge.TestGoldenVectors" name="test_known_receipt_hash" time="0.001" /><testcase classname="tests.test_zk_bridge.TestErrorHandling" name="test_conversion_error_hierarchy" time="0.001" /><testcase classname="tests.test_zk_bridge.TestErrorHandling" name="test_conversion_error_message" time="0.002" /></testsuite></testsuites>