<?xml version="1.0" encoding="utf-8"?><testsuites name="pytest tests"><testsuite name="pytest" errors="0" failures="0" skipped="8" tests="343" time="31.997" timestamp="2025-12-25T18:21:08.290155+04:00" hostname="MSI"><testcase classname="tests.test_cognitive_sovereign.TestIhsanPrinciples" name="test_weights_sum_to_one" time="0.073" /><testcase classname="tests.test_cognitive_sovereign.TestIhsanPrinciples" name="test_threshold_matches_sot" time="0.001" /><testcase classname="tests.test_cognitive_sovereign.TestIhsanPrinciples" name="test_compute_score_perfect" time="0.001" /><testcase classname="tests.test_cognitive_sovereign.TestIhsanPrinciples" name="test_compute_score_zero" time="0.001" /><testcase classname="tests.test_cognitive_sovereign.TestIhsanPrinciples" name="test_compute_score_partial" time="0.001" /><testcase classname="tests.test_cognitive_sovereign.TestIhsanPrinciples" name="test_verify_passes_above_threshold" time="0.001" /><testcase classname="tests.test_cognitive_sovereign.TestIhsanPrinciples" name="test_verify_fails_below_threshold" time="0.001" /><testcase classname="tests.test_cognitive_sovereign.TestIhsanPrinciples" name="test_verify_fail_closed_on_invalid_input" time="0.001" /><testcase classname="tests.test_cognitive_sovereign.TestIhsanPrinciples" name="test_compute_gradients_clamps_output" time="0.002" /><testcase classname="tests.test_cognitive_sovereign.TestIhsanPrinciples" name="test_gradient_modulation_factors" time="0.001" /><testcase classname="tests.test_cognitive_sovereign.TestQuantumTemporalSecurity" name="test_secure_operation_produces_temporal_proof" time="0.009" /><testcase classname="tests.test_cognitive_sovereign.TestQuantumTemporalSecurity" name="test_chain_grows_with_operations" time="0.001" /><testcase classname="tests.test_cognitive_sovereign.TestQuantumTemporalSecurity" name="test_chain_integrity_verification_passes" time="0.002" /><testcase classname="tests.test_cognitive_sovereign.TestQuantumTemporalSecurity" name="test_chain_detects_tampering" time="0.001" /><testcase classname="tests.test_cognitive_sovereign.TestQuantumTemporalSecurity" name="test_nonce_uniqueness" time="0.005" /><testcase classname="tests.test_cognitive_sovereign.TestQuantumTemporalSecurity" name="test_signature_verification" time="0.001" /><testcase classname="tests.test_cognitive_sovereign.TestQuantumTemporalSecurity" name="test_entropy_accumulation" time="0.001" /><testcase classname="tests.test_cognitive_sovereign.TestL1PerceptualBuffer" name="test_capacity_limit" time="0.001" /><testcase classname="tests.test_cognitive_sovereign.TestL1PerceptualBuffer" name="test_attention_weighting" time="0.001" /><testcase classname="tests.test_cognitive_sovereign.TestL1PerceptualBuffer" name="test_fibonacci_eviction" time="0.001" /><testcase classname="tests.test_cognitive_sovereign.TestL2WorkingMemory" name="test_consolidation_produces_summary" time="0.000" /><testcase classname="tests.test_cognitive_sovereign.TestL2WorkingMemory" name="test_novelty_detection" time="0.001" /><testcase classname="tests.test_cognitive_sovereign.TestL3EpisodicMemory" name="test_episode_storage_updates_root" time="0.001" /><testcase classname="tests.test_cognitive_sovereign.TestL3EpisodicMemory" name="test_integrity_verification_passes" time="0.001" /><testcase classname="tests.test_cognitive_sovereign.TestL3EpisodicMemory" name="test_detects_episode_tampering" time="0.001" /><testcase classname="tests.test_cognitive_sovereign.TestL4SemanticHyperGraph" name="test_hyperedge_creation" time="0.004" /><testcase classname="tests.test_cognitive_sovereign.TestL4SemanticHyperGraph" name="test_topology_analysis" time="0.003" /><testcase classname="tests.test_cognitive_sovereign.TestL5DeterministicTools" name="test_crystallize_tool" time="0.001" /><testcase classname="tests.test_cognitive_sovereign.TestL5DeterministicTools" name="test_execute_crystallized_tool" time="0.001" /><testcase classname="tests.test_cognitive_sovereign.TestL5DeterministicTools" name="test_execute_missing_tool_raises" time="0.001" /><testcase classname="tests.test_cognitive_sovereign.TestMetaCognitiveOrchestrator" name="test_feature_extraction_dimensions" time="0.001" /><testcase classname="tests.test_cognitive_sovereign.TestMetaCognitiveOrchestrator" name="test_strategy_selection" time="0.020" /><testcase classname="tests.test_cognitive_sovereign.TestMetaCognitiveOrchestrator" name="test_history_accumulation" time="0.082" /><testcase classname="tests.test_cognitive_sovereign.TestMetaCognitiveOrchestrator" name="test_novelty_computation" time="0.001" /><testcase classname="tests.test_cognitive_sovereign.TestMetaCognitiveOrchestrator" name="test_strategy_entropy" time="0.001" /><testcase classname="tests.test_cognitive_sovereign.TestMetaCognitiveOrchestrator" name="test_adaptive_weight_update" time="0.381" /><testcase classname="tests.test_cognitive_sovereign.TestHigherOrderLogicBridge" name="test_forward_produces_output" time="0.019" /><testcase classname="tests.test_cognitive_sovereign.TestHigherOrderLogicBridge" name="test_ethical_context_affects_output" time="0.020" /><testcase classname="tests.test_cognitive_sovereign.TestHigherOrderLogicBridge" name="test_ethical_certificate_score_bounded" time="0.057" /><testcase classname="tests.test_cognitive_sovereign.TestCognitiveSovereign" name="test_initialization" time="0.081" /><testcase classname="tests.test_cognitive_sovereign.TestCognitiveSovereign" name="test_full_cognitive_cycle" time="0.106" /><testcase classname="tests.test_cognitive_sovereign.TestCognitiveSovereign" name="test_temporal_integrity_after_cycles" time="0.186" /><testcase classname="tests.test_cognitive_sovereign.TestCognitiveSovereign" name="test_episodic_memory_grows" time="0.141" /><testcase classname="tests.test_cognitive_sovereign.TestCognitiveSovereign" name="test_hypergraph_topology_evolves" time="0.200" /><testcase classname="tests.test_cognitive_sovereign.TestRetrogradeSignalingPathway" name="test_generates_expectations" time="0.001" /><testcase classname="tests.test_cognitive_sovereign.TestRetrogradeSignalingPathway" name="test_modulates_l1_attention" time="0.001" /><testcase classname="tests.test_cognitive_sovereign.TestStressAndEdgeCases" name="test_empty_buffer_operations" time="0.001" /><testcase classname="tests.test_cognitive_sovereign.TestStressAndEdgeCases" name="test_empty_memory_consolidation" time="0.001" /><testcase classname="tests.test_cognitive_sovereign.TestStressAndEdgeCases" name="test_empty_episodic_verification" time="0.001" /><testcase classname="tests.test_cognitive_sovereign.TestStressAndEdgeCases" name="test_empty_graph_topology" time="0.002" /><testcase classname="tests.test_cognitive_sovereign.TestStressAndEdgeCases" name="test_high_volume_security_operations" time="0.017" /><testcase classname="tests.test_cognitive_sovereign.TestStressAndEdgeCases" name="test_concurrent_metacognitive_calls" time="0.022" /><testcase classname="tests.test_cognitive_sovereign.TestPropertyBased" name="test_ihsan_score_monotonicity" time="0.001" /><testcase classname="tests.test_cognitive_sovereign.TestPropertyBased" name="test_temporal_chain_uniqueness" time="0.003" /><testcase classname="tests.test_cognitive_sovereign.TestPropertyBased" name="test_merkle_root_determinism" time="0.001" /><testcase classname="tests.test_core_modules.TestTieredVerification" name="test_import" time="0.001" /><testcase classname="tests.test_core_modules.TestTieredVerification" name="test_urgency_levels_exist" time="0.001" /><testcase classname="tests.test_core_modules.TestTieredVerification" name="test_verification_tiers_exist" time="0.001" /><testcase classname="tests.test_core_modules.TestTieredVerification" name="test_engine_initialization" time="0.002" /><testcase classname="tests.test_core_modules.TestTieredVerification" name="test_verify_action" time="0.070" /><testcase classname="tests.test_core_modules.TestTieredVerification" name="test_optimistic_verification_async_callback" time="0.002" /><testcase classname="tests.test_core_modules.TestConsequentialEthics" name="test_import" time="0.001" /><testcase classname="tests.test_core_modules.TestConsequentialEthics" name="test_verdict_severities_exist" time="0.001" /><testcase classname="tests.test_core_modules.TestConsequentialEthics" name="test_engine_initialization" time="0.002" /><testcase classname="tests.test_core_modules.TestConsequentialEthics" name="test_evaluate_beneficial_action" time="0.002" /><testcase classname="tests.test_core_modules.TestConsequentialEthics" name="test_evaluate_harmful_action" time="0.002" /><testcase classname="tests.test_core_modules.TestNarrativeCompiler" name="test_import" time="0.001" /><testcase classname="tests.test_core_modules.TestNarrativeCompiler" name="test_all_styles_exist" time="0.001" /><testcase classname="tests.test_core_modules.TestNarrativeCompiler" name="test_compiler_has_all_templates" time="0.001" /><testcase classname="tests.test_core_modules.TestNarrativeCompiler" name="test_compile_technical" time="0.001" /><testcase classname="tests.test_core_modules.TestNarrativeCompiler" name="test_compile_educational" time="0.001" /><testcase classname="tests.test_core_modules.TestNarrativeCompiler" name="test_compile_audit" time="0.001" /><testcase classname="tests.test_core_modules.TestValueOracle" name="test_import" time="0.001" /><testcase classname="tests.test_core_modules.TestValueOracle" name="test_oracle_initialization" time="0.002" /><testcase classname="tests.test_core_modules.TestValueOracle" name="test_compute_value" time="0.002" /><testcase classname="tests.test_core_modules.TestValueOracle" name="test_reputation_trust_clamped" time="0.001" /><testcase classname="tests.test_core_modules.TestUltimateIntegration" name="test_import" time="0.001" /><testcase classname="tests.test_core_modules.TestUltimateIntegration" name="test_initialization" time="0.002" /><testcase classname="tests.test_core_modules.TestUltimateIntegration" name="test_process_observation" time="0.077" /><testcase classname="tests.test_core_modules.TestUltimateIntegration" name="test_error_handling" time="0.002" /><testcase classname="tests.test_core_modules.TestUltimateIntegration" name="test_deterministic_id_generation" time="0.001" /><testcase classname="tests.test_core_modules.TestQuantumSecurity" name="test_import" time="0.001" /><testcase classname="tests.test_core_modules.TestQuantumSecurity" name="test_initialization" time="0.003" /><testcase classname="tests.test_core_modules.TestQuantumSecurity" name="test_key_persistence" time="0.009" /><testcase classname="tests.test_core_modules.TestQuantumSecurity" name="test_secure_operation" time="0.004" /><testcase classname="tests.test_core_modules.TestQuantumSecurity" name="test_chain_locking" time="0.004" /><testcase classname="tests.test_core_modules.TestIhsanBridge" name="test_import" time="0.003" /><testcase classname="tests.test_core_modules.TestIhsanBridge" name="test_blake3_attestation_id" time="0.001" /><testcase classname="tests.test_core_modules.TestIhsanBridge" name="test_canonical_json_deterministic" time="0.001" /><testcase classname="tests.test_core_modules.TestIhsanBridge" name="test_evidence_root_uses_blake3" time="0.001" /><testcase classname="tests.test_elite.TestIhsanProperties" name="test_ihsan_composite_bounds" time="0.000"><skipped type="pytest.skip" message="Hypothesis not installed">C:\bizra_scaffold\tests\test_elite.py:383: Hypothesis not installed</skipped></testcase><testcase classname="tests.test_elite.TestIhsanProperties" name="test_ihsan_weights_normalization" time="0.000"><skipped type="pytest.skip" message="Hypothesis not installed">C:\bizra_scaffold\tests\test_elite.py:423: Hypothesis not installed</skipped></testcase><testcase classname="tests.test_elite.TestIhsanProperties" name="test_ihsan_threshold_consistency" time="0.000"><skipped type="pytest.skip" message="Hypothesis not installed">C:\bizra_scaffold\tests\test_elite.py:442: Hypothesis not installed</skipped></testcase><testcase classname="tests.test_elite.TestResilienceProperties" name="test_circuit_breaker_config_valid" time="0.000"><skipped type="pytest.skip" message="Hypothesis not installed">C:\bizra_scaffold\tests\test_elite.py:468: Hypothesis not installed</skipped></testcase><testcase classname="tests.test_elite.TestResilienceProperties" name="test_retry_delay_bounded" time="0.000"><skipped type="pytest.skip" message="Hypothesis not installed">C:\bizra_scaffold\tests\test_elite.py:489: Hypothesis not installed</skipped></testcase><testcase classname="tests.test_elite.TestResilienceProperties" name="test_rate_limiter_invariants" time="0.000"><skipped type="pytest.skip" message="Hypothesis not installed">C:\bizra_scaffold\tests\test_elite.py:517: Hypothesis not installed</skipped></testcase><testcase classname="tests.test_elite.TestEventSourcingProperties" name="test_event_immutability" time="0.000"><skipped type="pytest.skip" message="Hypothesis not installed">C:\bizra_scaffold\tests\test_elite.py:535: Hypothesis not installed</skipped></testcase><testcase classname="tests.test_elite.TestEventSourcingProperties" name="test_event_ordering_preserved" time="0.000"><skipped type="pytest.skip" message="Hypothesis not installed">C:\bizra_scaffold\tests\test_elite.py:554: Hypothesis not installed</skipped></testcase><testcase classname="tests.test_elite.TestChaosResilience" name="test_circuit_breaker_under_chaos" time="0.003" /><testcase classname="tests.test_elite.TestChaosResilience" name="test_bulkhead_under_pressure" time="0.738" /><testcase classname="tests.test_elite.TestChaosResilience" name="test_retry_under_intermittent_failures" time="4.550" /><testcase classname="tests.test_elite.TestChaosResilience" name="test_memory_pressure_recovery" time="0.152" /><testcase classname="tests.test_elite.TestPerformanceBenchmarks" name="test_circuit_breaker_throughput" time="0.647" /><testcase classname="tests.test_elite.TestPerformanceBenchmarks" name="test_rate_limiter_throughput" time="0.355" /><testcase classname="tests.test_elite.TestPerformanceBenchmarks" name="test_event_store_throughput" time="0.155" /><testcase classname="tests.test_elite.TestPerformanceBenchmarks" name="test_tracing_overhead" time="0.849" /><testcase classname="tests.test_elite.TestPerformanceBenchmarks" name="test_ihsan_calculation_throughput" time="0.957" /><testcase classname="tests.test_elite.TestStress" name="test_high_concurrency_stress" time="0.302" /><testcase classname="tests.test_elite.TestStress" name="test_event_store_capacity" time="0.007" /><testcase classname="tests.test_elite.TestStress" name="test_long_running_stability" time="13.688" /><testcase classname="tests.test_elite.TestEliteIntegration" name="test_resilience_stack_integration" time="0.015" /><testcase classname="tests.test_elite.TestEliteIntegration" name="test_observability_during_chaos" time="0.002" /><testcase classname="tests.test_graph_of_thoughts_integration.TestGraphOfThoughtsIntegration" name="test_enhanced_processor_initialization" time="0.002" /><testcase classname="tests.test_graph_of_thoughts_integration.TestGraphOfThoughtsIntegration" name="test_snr_scoring_integration" time="0.002" /><testcase classname="tests.test_graph_of_thoughts_integration.TestGraphOfThoughtsIntegration" name="test_high_snr_requires_high_ihsan" time="0.002" /><testcase classname="tests.test_graph_of_thoughts_integration.TestGraphOfThoughtsIntegration" name="test_domain_bridge_detection" time="0.001" /><testcase classname="tests.test_graph_of_thoughts_integration.TestGraphOfThoughtsIntegration" name="test_thought_chain_snr_ranking" time="0.001" /><testcase classname="tests.test_graph_of_thoughts_integration.TestEndToEndIntegration" name="test_process_observation_with_got" time="0.004" /><testcase classname="tests.test_graph_of_thoughts_integration.TestEndToEndIntegration" name="test_process_without_got" time="0.003" /><testcase classname="tests.test_graph_of_thoughts_integration.TestMetricsAndObservability" name="test_snr_metrics_recorded" time="0.003" /><testcase classname="tests.test_integration.TestBlockchainSubstrate" name="test_genesis_block_created" time="0.001" /><testcase classname="tests.test_integration.TestBlockchainSubstrate" name="test_genesis_contains_ihsan_threshold" time="0.001" /><testcase classname="tests.test_integration.TestBlockchainSubstrate" name="test_submit_valid_transaction" time="0.002" /><testcase classname="tests.test_integration.TestBlockchainSubstrate" name="test_reject_low_ihsan_transaction" time="0.002" /><testcase classname="tests.test_integration.TestBlockchainSubstrate" name="test_create_block" time="0.003" /><testcase classname="tests.test_integration.TestBlockchainSubstrate" name="test_block_verification" time="0.002" /><testcase classname="tests.test_integration.TestMerkleTree" name="test_compute_root_empty" time="0.001" /><testcase classname="tests.test_integration.TestMerkleTree" name="test_compute_root_single" time="0.000" /><testcase classname="tests.test_integration.TestMerkleTree" name="test_merkle_proof_verification" time="0.001" /><testcase classname="tests.test_integration.TestIhsanEnforcer" name="test_enforcer_threshold" time="0.000" /><testcase classname="tests.test_integration.TestIhsanEnforcer" name="test_valid_transaction_passes" time="0.000" /><testcase classname="tests.test_integration.TestIhsanEnforcer" name="test_low_ihsan_fails" time="0.000" /><testcase classname="tests.test_integration.TestStatePersistenceEngine" name="test_register_agent" time="0.011" /><testcase classname="tests.test_integration.TestStatePersistenceEngine" name="test_agent_lifecycle_transition" time="0.003" /><testcase classname="tests.test_integration.TestStatePersistenceEngine" name="test_invalid_transition_fails" time="0.003" /><testcase classname="tests.test_integration.TestStatePersistenceEngine" name="test_update_agent_state" time="0.003" /><testcase classname="tests.test_integration.TestStatePersistenceEngine" name="test_checkpoint_creation" time="0.004" /><testcase classname="tests.test_integration.TestDualTokenWallet" name="test_deposit" time="0.001" /><testcase classname="tests.test_integration.TestDualTokenWallet" name="test_withdraw" time="0.001" /><testcase classname="tests.test_integration.TestDualTokenWallet" name="test_insufficient_balance" time="0.001" /><testcase classname="tests.test_integration.TestDualTokenWallet" name="test_staking" time="0.001" /><testcase classname="tests.test_integration.TestCognitiveState" name="test_ihsan_update" time="0.000" /><testcase classname="tests.test_integration.TestCognitiveState" name="test_ihsan_invalid_score" time="0.000" /><testcase classname="tests.test_integration.TestCognitiveState" name="test_goal_stack" time="0.000" /><testcase classname="tests.test_integration.TestGovernanceHypervisor" name="test_create_proposal" time="0.002" /><testcase classname="tests.test_integration.TestGovernanceHypervisor" name="test_circuit_breaker_veto" time="0.002" /><testcase classname="tests.test_integration.TestGovernanceHypervisor" name="test_voting_process" time="0.002" /><testcase classname="tests.test_integration.TestFATEMetrics" name="test_composite_calculation" time="0.000" /><testcase classname="tests.test_integration.TestFATEMetrics" name="test_validation_passes" time="0.000" /><testcase classname="tests.test_integration.TestFATEMetrics" name="test_validation_fails" time="0.000" /><testcase classname="tests.test_integration.TestIhsanCircuitBreaker" name="test_threshold" time="0.001" /><testcase classname="tests.test_integration.TestIhsanCircuitBreaker" name="test_trip_rate_tracking" time="0.001" /><testcase classname="tests.test_integration.TestLifecycleEmulator" name="test_full_lifecycle" time="0.006" /><testcase classname="tests.test_integration.TestLifecycleEmulator" name="test_phase_metrics" time="0.018" /><testcase classname="tests.test_integration.TestLifecycleEmulator" name="test_target_constants" time="0.001" /><testcase classname="tests.test_integration.TestPATSATOrchestrator" name="test_mint_pat" time="0.002" /><testcase classname="tests.test_integration.TestPATSATOrchestrator" name="test_mint_pat_low_ihsan_fails" time="0.001" /><testcase classname="tests.test_integration.TestPATSATOrchestrator" name="test_mint_sat_requires_higher_ihsan" time="0.002" /><testcase classname="tests.test_integration.TestPATSATOrchestrator" name="test_quadratic_voting_power" time="0.001" /><testcase classname="tests.test_integration.TestCrossLayerIntegration" name="test_blockchain_governance_integration" time="0.002" /><testcase classname="tests.test_integration.TestCrossLayerIntegration" name="test_persistence_blockchain_integration" time="0.002" /><testcase classname="tests.test_integration_elite.TestCrossLanguageCompatibility" name="test_blake3_attestation_id_deterministic" time="0.001" /><testcase classname="tests.test_integration_elite.TestCrossLanguageCompatibility" name="test_canonical_json_rfc8785_compliance" time="0.001" /><testcase classname="tests.test_integration_elite.TestCrossLanguageCompatibility" name="test_evidence_root_deterministic" time="0.001" /><testcase classname="tests.test_integration_elite.TestIhsanInvariants" name="test_weights_sum_to_unity" time="0.000" /><testcase classname="tests.test_integration_elite.TestIhsanInvariants" name="test_score_bounded_zero_one" time="0.001" /><testcase classname="tests.test_integration_elite.TestIhsanInvariants" name="test_perfect_score_passes_threshold" time="0.000" /><testcase classname="tests.test_integration_elite.TestIhsanInvariants" name="test_monotonicity" time="0.000" /><testcase classname="tests.test_integration_elite.TestIhsanInvariants" name="test_fail_closed_on_nan" time="0.001" /><testcase classname="tests.test_integration_elite.TestIhsanInvariants" name="test_fail_closed_on_infinity" time="0.001" /><testcase classname="tests.test_integration_elite.TestIhsanInvariants" name="test_fail_closed_on_out_of_range" time="0.001" /><testcase classname="tests.test_integration_elite.TestCognitiveCycleIntegration" name="test_full_cognitive_cycle" time="0.090" /><testcase classname="tests.test_integration_elite.TestCognitiveCycleIntegration" name="test_temporal_chain_integrity_after_cycles" time="0.200" /><testcase classname="tests.test_integration_elite.TestCognitiveCycleIntegration" name="test_memory_layer_consolidation" time="0.074" /><testcase classname="tests.test_integration_elite.TestCognitiveCycleIntegration" name="test_l4_hypergraph_topology" time="0.067" /><testcase classname="tests.test_integration_elite.TestSecurityIntegration" name="test_quantum_security_key_persistence" time="0.012" /><testcase classname="tests.test_integration_elite.TestSecurityIntegration" name="test_secure_operation_creates_proof" time="0.004" /><testcase classname="tests.test_integration_elite.TestSecurityIntegration" name="test_chain_lock_prevents_race_conditions" time="0.029" /><testcase classname="tests.test_integration_elite.TestValueOracleComprehensive" name="test_shapley_oracle_evaluation" time="0.002" /><testcase classname="tests.test_integration_elite.TestValueOracleComprehensive" name="test_prediction_market_oracle" time="0.002" /><testcase classname="tests.test_integration_elite.TestValueOracleComprehensive" name="test_reputation_oracle" time="0.002" /><testcase classname="tests.test_integration_elite.TestValueOracleComprehensive" name="test_formal_verification_oracle" time="0.002" /><testcase classname="tests.test_integration_elite.TestValueOracleComprehensive" name="test_information_theoretic_oracle" time="0.002" /><testcase classname="tests.test_integration_elite.TestValueOracleComprehensive" name="test_pluralistic_oracle_synthesis" time="0.002" /><testcase classname="tests.test_integration_elite.TestValueOracleComprehensive" name="test_oracle_disagreement_detection" time="0.002" /><testcase classname="tests.test_integration_elite.TestValueOracleComprehensive" name="test_oracle_historical_accuracy_tracking" time="0.001" /><testcase classname="tests.test_integration_elite.TestTieredVerificationComprehensive" name="test_urgency_tier_selection" time="0.473" /><testcase classname="tests.test_integration_elite.TestTieredVerificationComprehensive" name="test_verification_latency_bounds" time="0.067" /><testcase classname="tests.test_integration_elite.TestTieredVerificationComprehensive" name="test_rollback_mechanism" time="0.002" /><testcase classname="tests.test_integration_elite.TestStressAndPerformance" name="test_high_throughput_verification" time="0.064" /><testcase classname="tests.test_integration_elite.TestStressAndPerformance" name="test_memory_layer_stress" time="0.008" /><testcase classname="tests.test_integration_elite.TestStressAndPerformance" name="test_ihsan_validation_performance" time="0.051" /><testcase classname="tests.test_integration_elite.TestNarrativeCompilerComprehensive" name="test_all_five_styles_compile" time="0.001" /><testcase classname="tests.test_integration_elite.TestNarrativeCompilerComprehensive" name="test_markdown_export" time="0.001" /><testcase classname="tests.test_integration_elite.TestNarrativeCompilerComprehensive" name="test_reading_time_estimation" time="0.001" /><testcase classname="tests.test_integration_elite.TestNarrativeCompilerComprehensive" name="test_complexity_score_calculation" time="0.001" /><testcase classname="tests.test_integration_elite.TestUltimateIntegrationComprehensive" name="test_full_pipeline_execution" time="0.002" /><testcase classname="tests.test_integration_elite.TestUltimateIntegrationComprehensive" name="test_health_monitoring" time="0.002" /><testcase classname="tests.test_integration_elite.TestUltimateIntegrationComprehensive" name="test_quantized_convergence" time="0.018" /><testcase classname="tests.test_production_safeguards.TestCircuitBreaker" name="test_circuit_breaker_starts_closed" time="0.001" /><testcase classname="tests.test_production_safeguards.TestCircuitBreaker" name="test_successful_calls_keep_circuit_closed" time="0.022" /><testcase classname="tests.test_production_safeguards.TestCircuitBreaker" name="test_circuit_opens_after_threshold_failures" time="0.002" /><testcase classname="tests.test_production_safeguards.TestCircuitBreaker" name="test_open_circuit_blocks_calls" time="0.002" /><testcase classname="tests.test_production_safeguards.TestCircuitBreaker" name="test_open_circuit_uses_fallback" time="0.001" /><testcase classname="tests.test_production_safeguards.TestCircuitBreaker" name="test_circuit_half_open_after_timeout" time="0.160" /><testcase classname="tests.test_production_safeguards.TestCircuitBreaker" name="test_half_open_closes_after_successes" time="0.174" /><testcase classname="tests.test_production_safeguards.TestInputValidator" name="test_validate_empty_seed_concepts" time="0.001" /><testcase classname="tests.test_production_safeguards.TestInputValidator" name="test_validate_valid_seed_concepts" time="0.000" /><testcase classname="tests.test_production_safeguards.TestInputValidator" name="test_validate_too_many_seed_concepts" time="0.001" /><testcase classname="tests.test_production_safeguards.TestInputValidator" name="test_validate_concept_too_long" time="0.001" /><testcase classname="tests.test_production_safeguards.TestInputValidator" name="test_validate_control_characters_removed" time="0.000" /><testcase classname="tests.test_production_safeguards.TestInputValidator" name="test_validate_non_string_concepts" time="0.000" /><testcase classname="tests.test_production_safeguards.TestInputValidator" name="test_validate_beam_width_valid" time="0.000" /><testcase classname="tests.test_production_safeguards.TestInputValidator" name="test_validate_beam_width_too_small" time="0.000" /><testcase classname="tests.test_production_safeguards.TestInputValidator" name="test_validate_beam_width_too_large" time="0.000" /><testcase classname="tests.test_production_safeguards.TestInputValidator" name="test_validate_beam_width_not_integer" time="0.000" /><testcase classname="tests.test_production_safeguards.TestInputValidator" name="test_validate_max_depth_valid" time="0.000" /><testcase classname="tests.test_production_safeguards.TestInputValidator" name="test_validate_max_depth_too_large" time="0.001" /><testcase classname="tests.test_production_safeguards.TestInputValidator" name="test_validate_snr_threshold_valid" time="0.000" /><testcase classname="tests.test_production_safeguards.TestInputValidator" name="test_validate_snr_threshold_negative" time="0.001" /><testcase classname="tests.test_production_safeguards.TestInputValidator" name="test_validate_snr_threshold_too_high" time="0.001" /><testcase classname="tests.test_production_safeguards.TestGracefulDegradation" name="test_fallback_hypergraph_query" time="0.002" /><testcase classname="tests.test_production_safeguards.TestGracefulDegradation" name="test_fallback_snr_computation" time="0.002" /><testcase classname="tests.test_production_safeguards.TestGracefulDegradation" name="test_fallback_convergence" time="0.001" /><testcase classname="tests.test_production_safeguards.TestHealthChecker" name="test_health_check_neo4j_success" time="0.003" /><testcase classname="tests.test_production_safeguards.TestHealthChecker" name="test_health_check_neo4j_failure" time="0.002" /><testcase classname="tests.test_production_safeguards.TestHealthChecker" name="test_health_check_neo4j_timeout" time="0.112" /><testcase classname="tests.test_production_safeguards.TestHealthChecker" name="test_full_health_check_all_healthy" time="0.003" /><testcase classname="tests.test_production_safeguards.TestHealthChecker" name="test_full_health_check_one_degraded" time="0.002" /><testcase classname="tests.test_production_safeguards.TestHealthChecker" name="test_full_health_check_critical" time="0.002" /><testcase classname="tests.test_production_safeguards.TestAuditLogger" name="test_log_thought_chain_construction" time="0.000" /><testcase classname="tests.test_production_safeguards.TestAuditLogger" name="test_log_ethical_override" time="0.001" /><testcase classname="tests.test_production_safeguards.TestAuditLogger" name="test_log_circuit_breaker_state_change" time="0.001" /><testcase classname="tests.test_production_safeguards.TestAuditLogger" name="test_audit_events_have_integrity_hash" time="0.000" /><testcase classname="tests.test_production_safeguards.TestTimeoutProtection" name="test_operation_completes_before_timeout" time="0.012" /><testcase classname="tests.test_production_safeguards.TestTimeoutProtection" name="test_operation_timeout_raises_exception" time="0.108" /><testcase classname="tests.test_production_safeguards.TestEthicalConstraintsIntegration" name="test_high_snr_requires_high_ihsan" time="0.001" /><testcase classname="tests.test_production_safeguards.TestEthicalConstraintsIntegration" name="test_ethical_constraints_cannot_be_disabled_in_production" time="0.001" /><testcase classname="tests.test_security_infrastructure.TestSecretValidator" name="test_empty_secret_rejected" time="0.017" /><testcase classname="tests.test_security_infrastructure.TestSecretValidator" name="test_short_secret_rejected" time="0.001" /><testcase classname="tests.test_security_infrastructure.TestSecretValidator" name="test_common_patterns_detected" time="0.001" /><testcase classname="tests.test_security_infrastructure.TestSecretValidator" name="test_strong_secret_accepted" time="0.001" /><testcase classname="tests.test_security_infrastructure.TestSecretValidator" name="test_algorithm_specific_requirements" time="0.001" /><testcase classname="tests.test_security_infrastructure.TestSecretValidator" name="test_entropy_calculation" time="0.001" /><testcase classname="tests.test_security_infrastructure.TestSecureJWTService" name="test_create_and_verify_token" time="0.001" /><testcase classname="tests.test_security_infrastructure.TestSecureJWTService" name="test_expired_token_rejected" time="0.001" /><testcase classname="tests.test_security_infrastructure.TestSecureJWTService" name="test_revoked_token_rejected" time="0.001" /><testcase classname="tests.test_security_infrastructure.TestSecureJWTService" name="test_key_rotation" time="0.001" /><testcase classname="tests.test_security_infrastructure.TestTokenRevocationStore" name="test_in_memory_store" time="0.001" /><testcase classname="tests.test_security_infrastructure.TestTokenRevocationStore" name="test_expired_entries_cleaned" time="0.000" /><testcase classname="tests.test_security_infrastructure.TestSoftwareHSM" name="test_create_key" time="0.007" /><testcase classname="tests.test_security_infrastructure.TestSoftwareHSM" name="test_encrypt_decrypt" time="0.001" /><testcase classname="tests.test_security_infrastructure.TestSoftwareHSM" name="test_key_rotation" time="0.001" /><testcase classname="tests.test_security_infrastructure.TestSoftwareHSM" name="test_sign_verify" time="0.001" /><testcase classname="tests.test_security_infrastructure.TestSoftwareHSM" name="test_key_not_found" time="0.001" /><testcase classname="tests.test_security_infrastructure.TestKeyManagementService" name="test_create_jwt_signing_key" time="0.001" /><testcase classname="tests.test_security_infrastructure.TestKeyManagementService" name="test_encrypt_decrypt_sensitive" time="0.001" /><testcase classname="tests.test_security_infrastructure.TestBoundedList" name="test_max_size_enforced" time="0.001" /><testcase classname="tests.test_security_infrastructure.TestBoundedList" name="test_eviction_callback" time="0.001" /><testcase classname="tests.test_security_infrastructure.TestBoundedList" name="test_thread_safety" time="0.006" /><testcase classname="tests.test_security_infrastructure.TestBoundedList" name="test_stats" time="0.001" /><testcase classname="tests.test_security_infrastructure.TestLRUCache" name="test_lru_eviction" time="0.001" /><testcase classname="tests.test_security_infrastructure.TestLRUCache" name="test_ttl_expiration" time="0.151" /><testcase classname="tests.test_security_infrastructure.TestSlidingWindowStats" name="test_basic_stats" time="0.001" /><testcase classname="tests.test_security_infrastructure.TestSlidingWindowStats" name="test_window_expiration" time="0.151" /><testcase classname="tests.test_security_infrastructure.TestAsyncExecution" name="test_run_cpu_bound" time="0.007" /><testcase classname="tests.test_security_infrastructure.TestAsyncExecution" name="test_gather_with_concurrency" time="0.066" /><testcase classname="tests.test_security_infrastructure.TestAsyncExecution" name="test_batch_process" time="0.003" /><testcase classname="tests.test_security_infrastructure.TestAsyncExecution" name="test_retry_async" time="0.037" /><testcase classname="tests.test_security_infrastructure.TestAsyncRateLimiter" name="test_rate_limiting" time="0.107" /><testcase classname="tests.test_security_infrastructure.TestCognitiveProcessor" name="test_compute_convergence" time="0.002" /><testcase classname="tests.test_security_infrastructure.TestCognitiveProcessor" name="test_stats_tracking" time="0.002" /><testcase classname="tests.test_security_infrastructure.TestVerificationCoordinator" name="test_tier_selection" time="0.103" /><testcase classname="tests.test_security_infrastructure.TestUltimateOrchestrator" name="test_full_processing_pipeline" time="0.007" /><testcase classname="tests.test_security_infrastructure.TestUltimateOrchestrator" name="test_component_isolation" time="0.009" /><testcase classname="tests.test_security_infrastructure.TestSecurityIntegration" name="test_hsm_jwt_integration" time="0.002" /><testcase classname="tests.test_security_infrastructure.TestSecurityIntegration" name="test_memory_management_integration" time="0.001" /><testcase classname="tests.test_thermodynamic_engine.TestThermodynamicConstants" name="test_constants_values" time="0.001" /><testcase classname="tests.test_thermodynamic_engine.TestThermodynamicConstants" name="test_temperature_ordering" time="0.000" /><testcase classname="tests.test_thermodynamic_engine.TestThermodynamicConstants" name="test_pressure_ordering" time="0.001" /><testcase classname="tests.test_thermodynamic_engine.TestReservoir" name="test_reservoir_creation" time="0.000" /><testcase classname="tests.test_thermodynamic_engine.TestReservoir" name="test_infinite_reservoir_absorb" time="0.001" /><testcase classname="tests.test_thermodynamic_engine.TestReservoir" name="test_finite_reservoir_heats_up" time="0.000" /><testcase classname="tests.test_thermodynamic_engine.TestReservoir" name="test_reservoir_capacity_limit" time="0.001" /><testcase classname="tests.test_thermodynamic_engine.TestWorkingFluid" name="test_fluid_creation" time="0.000" /><testcase classname="tests.test_thermodynamic_engine.TestWorkingFluid" name="test_enthalpy_calculation" time="0.000" /><testcase classname="tests.test_thermodynamic_engine.TestWorkingFluid" name="test_helmholtz_free_energy" time="0.000" /><testcase classname="tests.test_thermodynamic_engine.TestWorkingFluid" name="test_gibbs_free_energy" time="0.001" /><testcase classname="tests.test_thermodynamic_engine.TestWorkingFluid" name="test_spontaneity" time="0.000" /><testcase classname="tests.test_thermodynamic_engine.TestIsothermalProcess" name="test_isothermal_expansion" time="0.001" /><testcase classname="tests.test_thermodynamic_engine.TestIsothermalProcess" name="test_isothermal_compression" time="0.001" /><testcase classname="tests.test_thermodynamic_engine.TestAdiabaticProcess" name="test_adiabatic_no_heat_transfer" time="0.000" /><testcase classname="tests.test_thermodynamic_engine.TestAdiabaticProcess" name="test_adiabatic_expansion_cools" time="0.000" /><testcase classname="tests.test_thermodynamic_engine.TestAdiabaticProcess" name="test_adiabatic_compression_heats" time="0.000" /><testcase classname="tests.test_thermodynamic_engine.TestBIZRAThermodynamicEngine" name="test_engine_creation" time="0.000" /><testcase classname="tests.test_thermodynamic_engine.TestBIZRAThermodynamicEngine" name="test_carnot_efficiency_limit" time="0.001" /><testcase classname="tests.test_thermodynamic_engine.TestBIZRAThermodynamicEngine" name="test_create_working_fluid" time="0.001" /><testcase classname="tests.test_thermodynamic_engine.TestBIZRAThermodynamicEngine" name="test_stake_entropy_calculation" time="0.001" /><testcase classname="tests.test_thermodynamic_engine.TestBIZRAThermodynamicEngine" name="test_otto_cycle" time="0.002" /><testcase classname="tests.test_thermodynamic_engine.TestBIZRAThermodynamicEngine" name="test_carnot_cycle" time="0.002" /><testcase classname="tests.test_thermodynamic_engine.TestBIZRAThermodynamicEngine" name="test_stirling_cycle" time="0.002" /><testcase classname="tests.test_thermodynamic_engine.TestBIZRAThermodynamicEngine" name="test_run_cycle_dispatch" time="0.002" /><testcase classname="tests.test_thermodynamic_engine.TestBIZRAThermodynamicEngine" name="test_efficiency_report" time="0.002" /><testcase classname="tests.test_thermodynamic_engine.TestBIZRAThermodynamicEngine" name="test_landauer_cost" time="0.001" /><testcase classname="tests.test_thermodynamic_engine.TestBIZRAThermodynamicEngine" name="test_governance_entropy" time="0.001" /><testcase classname="tests.test_thermodynamic_engine.TestFactoryFunction" name="test_create_otto_engine" time="0.001" /><testcase classname="tests.test_thermodynamic_engine.TestFactoryFunction" name="test_create_carnot_engine" time="0.000" /><testcase classname="tests.test_thermodynamic_engine.TestFactoryFunction" name="test_create_stirling_engine" time="0.000" /><testcase classname="tests.test_thermodynamic_engine.TestFactoryFunction" name="test_custom_temperatures" time="0.001" /><testcase classname="tests.test_thermodynamic_engine.TestFactoryFunction" name="test_unknown_cycle_defaults_to_otto" time="0.000" /><testcase classname="tests.test_thermodynamic_engine.TestSecondLawCompliance" name="test_efficiency_cannot_exceed_carnot" time="0.003" /><testcase classname="tests.test_thermodynamic_engine.TestSecondLawCompliance" name="test_total_entropy_non_negative" time="0.002" /><testcase classname="tests.test_thermodynamic_engine.TestIhsanCoupling" name="test_ihsan_reduces_extractable_work" time="0.002" /><testcase classname="tests.test_value_oracle_elite.TestShapleyOracleEdgeCases" name="test_evaluate_edge_case_max_values" time="0.001" /><testcase classname="tests.test_value_oracle_elite.TestShapleyOracleEdgeCases" name="test_evaluate_edge_case_zero_values" time="0.001" /><testcase classname="tests.test_value_oracle_elite.TestShapleyOracleEdgeCases" name="test_evaluate_high_quantization_error" time="0.001" /><testcase classname="tests.test_value_oracle_elite.TestShapleyOracleEdgeCases" name="test_evaluate_standard_convergence" time="0.001" /><testcase classname="tests.test_value_oracle_elite.TestShapleyOracleEdgeCases" name="test_historical_accuracy" time="0.001" /><testcase classname="tests.test_value_oracle_elite.TestShapleyOracleEdgeCases" name="test_oracle_type" time="0.001" /><testcase classname="tests.test_value_oracle_elite.TestPredictionMarketOracleEdgeCases" name="test_evaluate_high_clarity" time="0.001" /><testcase classname="tests.test_value_oracle_elite.TestPredictionMarketOracleEdgeCases" name="test_evaluate_low_clarity" time="0.001" /><testcase classname="tests.test_value_oracle_elite.TestPredictionMarketOracleEdgeCases" name="test_historical_accuracy" time="0.001" /><testcase classname="tests.test_value_oracle_elite.TestPredictionMarketOracleEdgeCases" name="test_oracle_type" time="0.001" /><testcase classname="tests.test_value_oracle_elite.TestReputationOracleEdgeCases" name="test_evaluate_standard" time="0.001" /><testcase classname="tests.test_value_oracle_elite.TestReputationOracleEdgeCases" name="test_oracle_type" time="0.001" /><testcase classname="tests.test_value_oracle_elite.TestFormalVerificationOracleEdgeCases" name="test_evaluate_provides_reasoning" time="0.001" /><testcase classname="tests.test_value_oracle_elite.TestFormalVerificationOracleEdgeCases" name="test_oracle_type" time="0.001" /><testcase classname="tests.test_value_oracle_elite.TestInformationTheoreticOracleEdgeCases" name="test_high_mutual_information_scores_well" time="0.001" /><testcase classname="tests.test_value_oracle_elite.TestInformationTheoreticOracleEdgeCases" name="test_low_entropy_favorable" time="0.001" /><testcase classname="tests.test_value_oracle_elite.TestInformationTheoreticOracleEdgeCases" name="test_oracle_type" time="0.001" /><testcase classname="tests.test_value_oracle_elite.TestPluralisticValueOracleComprehensive" name="test_compute_value_perfect_convergence" time="0.001" /><testcase classname="tests.test_value_oracle_elite.TestPluralisticValueOracleComprehensive" name="test_compute_value_standard" time="0.001" /><testcase classname="tests.test_value_oracle_elite.TestPluralisticValueOracleComprehensive" name="test_compute_value_zero_convergence" time="0.001" /><testcase classname="tests.test_value_oracle_elite.TestPluralisticValueOracleComprehensive" name="test_disagreement_score_present" time="0.001" /><testcase classname="tests.test_value_oracle_elite.TestPluralisticValueOracleComprehensive" name="test_has_five_oracles" time="0.001" /><testcase classname="tests.test_value_oracle_elite.TestPluralisticValueOracleComprehensive" name="test_oracle_types_correct" time="0.001" /><testcase classname="tests.test_value_oracle_elite.TestPluralisticValueOracleComprehensive" name="test_oracle_weights_sum_to_one" time="0.001" /><testcase classname="tests.test_value_oracle_elite.TestOracleDeterminism" name="test_pluralistic_determinism" time="0.001" /><testcase classname="tests.test_value_oracle_elite.TestOracleDeterminism" name="test_shapley_determinism" time="0.001" /><testcase classname="tests.test_value_oracle_elite.TestOraclePropertyBased" name="test_all_oracles_bounded_output" time="0.007" /><testcase classname="tests.test_value_oracle_elite.TestOraclePropertyBased" name="test_pluralistic_bounded_output" time="0.003" /><testcase classname="tests.test_value_oracle_elite.TestConvergenceDataclass" name="test_convergence_creation" time="0.001" /><testcase classname="tests.test_value_oracle_elite.TestConvergenceDataclass" name="test_convergence_with_metadata" time="0.002" /></testsuite></testsuites>